#
# There is insufficient memory for the Java Runtime Environment to continue.
# Native memory allocation (malloc) failed to allocate 32744 bytes for ChunkPool::allocate
# Possible reasons:
#   The system is out of physical RAM or swap space
#   In 32 bit mode, the process size limit was hit
# Possible solutions:
#   Reduce memory load on the system
#   Increase physical memory or swap space
#   Check if swap backing store is full
#   Use 64 bit Java on a 64 bit OS
#   Decrease Java heap size (-Xmx/-Xms)
#   Decrease number of Java threads
#   Decrease Java thread stack sizes (-Xss)
#   Set larger code cache with -XX:ReservedCodeCacheSize=
# This output file may be truncated or incomplete.
#
#  Out of Memory Error (allocation.cpp:273), pid=14424, tid=0x0000000000001cd0
#
# JRE version: Java(TM) SE Runtime Environment (8.0_131-b11) (build 1.8.0_131-b11)
# Java VM: Java HotSpot(TM) 64-Bit Server VM (25.131-b11 mixed mode windows-amd64 compressed oops)
# Failed to write core dump. Minidumps are not enabled by default on client versions of Windows
#

---------------  T H R E A D  ---------------

Current thread (0x000000001e732800):  JavaThread "C2 CompilerThread0" daemon [_thread_in_native, id=7376, stack(0x000000001edc0000,0x000000001eec0000)]

Stack: [0x000000001edc0000,0x000000001eec0000]
[error occurred during error reporting (printing stack bounds), id 0xc0000005]

Native frames: (J=compiled Java code, j=interpreted, Vv=VM code, C=native code)


Current CompileTask:
C2:   4512 1677       4       javafx.scene.CssStyleHelper::getStyle (162 bytes)


---------------  P R O C E S S  ---------------

Java Threads: ( => current thread )
  0x0000000024ce9800 JavaThread "Prism Font Disposer" daemon [_thread_blocked, id=5560, stack(0x0000000026650000,0x0000000026750000)]
  0x000000001f50c000 JavaThread "JavaFX-Launcher" [_thread_blocked, id=7576, stack(0x0000000024290000,0x0000000024390000)]
  0x000000001f4cf800 JavaThread "Thread-2" daemon [_thread_in_native, id=11148, stack(0x0000000024190000,0x0000000024290000)]
  0x000000001f457000 JavaThread "JavaFX Application Thread" [_thread_in_native, id=17272, stack(0x000000001ff90000,0x0000000020090000)]
  0x000000001f442800 JavaThread "Thread-1" daemon [_thread_blocked, id=14216, stack(0x000000001fe90000,0x000000001ff90000)]
  0x000000001f3f7000 JavaThread "QuantumRenderer-0" daemon [_thread_blocked, id=17148, stack(0x000000001fbc0000,0x000000001fcc0000)]
  0x000000001e7e2000 JavaThread "Service Thread" daemon [_thread_blocked, id=504, stack(0x000000001f1c0000,0x000000001f2c0000)]
  0x000000001e73e800 JavaThread "C1 CompilerThread3" daemon [_thread_in_native, id=13144, stack(0x000000001f0c0000,0x000000001f1c0000)]
  0x000000001e73d800 JavaThread "C2 CompilerThread2" daemon [_thread_in_native, id=12908, stack(0x000000001efc0000,0x000000001f0c0000)]
  0x000000001e739800 JavaThread "C2 CompilerThread1" daemon [_thread_in_native, id=16924, stack(0x000000001eec0000,0x000000001efc0000)]
=>0x000000001e732800 JavaThread "C2 CompilerThread0" daemon [_thread_in_native, id=7376, stack(0x000000001edc0000,0x000000001eec0000)]
  0x000000001e731000 JavaThread "Attach Listener" daemon [_thread_blocked, id=13072, stack(0x000000001ecc0000,0x000000001edc0000)]
  0x000000001e730800 JavaThread "Signal Dispatcher" daemon [_thread_blocked, id=12076, stack(0x000000001ebc0000,0x000000001ecc0000)]
  0x0000000002e1d800 JavaThread "Finalizer" daemon [_thread_blocked, id=8168, stack(0x000000001eac0000,0x000000001ebc0000)]
  0x0000000002e16800 JavaThread "Reference Handler" daemon [_thread_blocked, id=15092, stack(0x000000001e5c0000,0x000000001e6c0000)]
  0x0000000002d20800 JavaThread "main" [_thread_blocked, id=13468, stack(0x0000000002c20000,0x0000000002d20000)]

Other Threads:
  0x000000001c7c9800 VMThread [stack: 0x000000001e4c0000,0x000000001e5c0000] [id=8828]
  0x000000001e83d800 WatcherThread [stack: 0x000000001f2c0000,0x000000001f3c0000] [id=11176]

VM state:not at safepoint (normal execution)

VM Mutex/Monitor currently owned by a thread: None

Heap:
 PSYoungGen      total 75776K, used 33301K [0x000000076b780000, 0x0000000770c00000, 0x00000007c0000000)
  eden space 65024K, 51% used [0x000000076b780000,0x000000076d8055d8,0x000000076f700000)
  from space 10752K, 0% used [0x000000076f700000,0x000000076f700000,0x0000000770180000)
  to   space 10752K, 0% used [0x0000000770180000,0x0000000770180000,0x0000000770c00000)
 ParOldGen       total 123392K, used 1566K [0x00000006c2600000, 0x00000006c9e80000, 0x000000076b780000)
  object space 123392K, 1% used [0x00000006c2600000,0x00000006c2787830,0x00000006c9e80000)
 Metaspace       used 16006K, capacity 16917K, committed 17280K, reserved 1069056K
  class space    used 2423K, capacity 2615K, committed 2688K, reserved 1048576K

Card table byte_map: [0x00000000121e0000,0x00000000129d0000] byte_map_base: 0x000000000ebcd000

Marking Bits: (ParMarkBitMap*) 0x000000007721c720
 Begin Bits: [0x0000000013720000, 0x0000000017688000)
 End Bits:   [0x0000000017688000, 0x000000001b5f0000)

Polling page: 0x0000000000e50000

CodeCache: size=245760Kb used=5466Kb max_used=5466Kb free=240293Kb
 bounds [0x0000000002e20000, 0x0000000003380000, 0x0000000011e20000]
 total_blobs=2283 nmethods=1702 adapters=493
 compilation: enabled

Compilation events (10 events):
Event: 4.503 Thread 0x000000001e73e800 1702       3       javafx.event.Event::<init> (36 bytes)
Event: 4.503 Thread 0x000000001e73e800 nmethod 1702 0x0000000003377910 code [0x0000000003377aa0, 0x0000000003377ec8]
Event: 4.503 Thread 0x000000001e73e800 1703       3       java.util.EventObject::<init> (24 bytes)
Event: 4.503 Thread 0x000000001e73e800 nmethod 1703 0x0000000003378050 code [0x00000000033781c0, 0x0000000003378488]
Event: 4.507 Thread 0x000000001e73e800 1704       3       com.sun.javafx.geom.transform.Identity::inverseDeltaTransform (20 bytes)
Event: 4.507 Thread 0x000000001e73e800 nmethod 1704 0x0000000003378590 code [0x0000000003378720, 0x0000000003378b10]
Event: 4.507 Thread 0x000000001e73e800 1705       3       javafx.scene.input.MouseEvent::getScreenX (5 bytes)
Event: 4.507 Thread 0x000000001e73e800 nmethod 1705 0x0000000003378d50 code [0x0000000003378ea0, 0x0000000003378ff0]
Event: 4.507 Thread 0x000000001e73e800 1706       3       javafx.scene.input.MouseEvent::getScreenY (5 bytes)
Event: 4.507 Thread 0x000000001e73e800 nmethod 1706 0x0000000003379090 code [0x00000000033791e0, 0x0000000003379330]

GC Heap History (4 events):
Event: 0.365 GC heap before
{Heap before GC invocations=1 (full 0):
 PSYoungGen      total 75776K, used 18214K [0x000000076b780000, 0x0000000770c00000, 0x00000007c0000000)
  eden space 65024K, 28% used [0x000000076b780000,0x000000076c949a58,0x000000076f700000)
  from space 10752K, 0% used [0x0000000770180000,0x0000000770180000,0x0000000770c00000)
  to   space 10752K, 0% used [0x000000076f700000,0x000000076f700000,0x0000000770180000)
 ParOldGen       total 173568K, used 0K [0x00000006c2600000, 0x00000006ccf80000, 0x000000076b780000)
  object space 173568K, 0% used [0x00000006c2600000,0x00000006c2600000,0x00000006ccf80000)
 Metaspace       used 8800K, capacity 9111K, committed 9216K, reserved 1064960K
  class space    used 1130K, capacity 1238K, committed 1280K, reserved 1048576K
Event: 0.367 GC heap after
Heap after GC invocations=1 (full 0):
 PSYoungGen      total 75776K, used 1664K [0x000000076b780000, 0x0000000770c00000, 0x00000007c0000000)
  eden space 65024K, 0% used [0x000000076b780000,0x000000076b780000,0x000000076f700000)
  from space 10752K, 15% used [0x000000076f700000,0x000000076f8a0040,0x0000000770180000)
  to   space 10752K, 0% used [0x0000000770180000,0x0000000770180000,0x0000000770c00000)
 ParOldGen       total 173568K, used 72K [0x00000006c2600000, 0x00000006ccf80000, 0x000000076b780000)
  object space 173568K, 0% used [0x00000006c2600000,0x00000006c2612010,0x00000006ccf80000)
 Metaspace       used 8800K, capacity 9111K, committed 9216K, reserved 1064960K
  class space    used 1130K, capacity 1238K, committed 1280K, reserved 1048576K
}
Event: 0.367 GC heap before
{Heap before GC invocations=2 (full 1):
 PSYoungGen      total 75776K, used 1664K [0x000000076b780000, 0x0000000770c00000, 0x00000007c0000000)
  eden space 65024K, 0% used [0x000000076b780000,0x000000076b780000,0x000000076f700000)
  from space 10752K, 15% used [0x000000076f700000,0x000000076f8a0040,0x0000000770180000)
  to   space 10752K, 0% used [0x0000000770180000,0x0000000770180000,0x0000000770c00000)
 ParOldGen       total 173568K, used 72K [0x00000006c2600000, 0x00000006ccf80000, 0x000000076b780000)
  object space 173568K, 0% used [0x00000006c2600000,0x00000006c2612010,0x00000006ccf80000)
 Metaspace       used 8800K, capacity 9111K, committed 9216K, reserved 1064960K
  class space    used 1130K, capacity 1238K, committed 1280K, reserved 1048576K
Event: 0.379 GC heap after
Heap after GC invocations=2 (full 1):
 PSYoungGen      total 75776K, used 0K [0x000000076b780000, 0x0000000770c00000, 0x00000007c0000000)
  eden space 65024K, 0% used [0x000000076b780000,0x000000076b780000,0x000000076f700000)
  from space 10752K, 0% used [0x000000076f700000,0x000000076f700000,0x0000000770180000)
  to   space 10752K, 0% used [0x0000000770180000,0x0000000770180000,0x0000000770c00000)
 ParOldGen       total 123392K, used 1566K [0x00000006c2600000, 0x00000006c9e80000, 0x000000076b780000)
  object space 123392K, 1% used [0x00000006c2600000,0x00000006c2787830,0x00000006c9e80000)
 Metaspace       used 8800K, capacity 9111K, committed 9216K, reserved 1062912K
  class space    used 1130K, capacity 1238K, committed 1280K, reserved 1048576K
}

Deoptimization events (10 events):
Event: 0.622 Thread 0x000000001f457000 Uncommon trap: reason=class_check action=maybe_recompile pc=0x000000000307c3a8 method=java.io.DataInputStream.readShort()S @ 4
Event: 0.626 Thread 0x000000001f457000 Uncommon trap: reason=class_check action=maybe_recompile pc=0x0000000002f3d8d4 method=java.lang.String.equals(Ljava/lang/Object;)Z @ 8
Event: 0.626 Thread 0x000000001f457000 Uncommon trap: reason=class_check action=maybe_recompile pc=0x0000000002f3d8d4 method=java.lang.String.equals(Ljava/lang/Object;)Z @ 8
Event: 0.626 Thread 0x000000001f457000 Uncommon trap: reason=class_check action=maybe_recompile pc=0x0000000002f3d8d4 method=java.lang.String.equals(Ljava/lang/Object;)Z @ 8
Event: 0.648 Thread 0x000000001f457000 Uncommon trap: reason=unstable_if action=reinterpret pc=0x0000000003124e74 method=java.lang.String.regionMatches(ZILjava/lang/String;II)Z @ 123
Event: 0.662 Thread 0x000000001f457000 Uncommon trap: reason=class_check action=maybe_recompile pc=0x0000000002f3d8d4 method=java.lang.String.equals(Ljava/lang/Object;)Z @ 8
Event: 0.716 Thread 0x000000001f457000 Uncommon trap: reason=unstable_if action=reinterpret pc=0x0000000003103f60 method=sun.net.www.ParseUtil.encodePath(Ljava/lang/String;Z)Ljava/lang/String; @ 109
Event: 0.728 Thread 0x000000001f457000 Uncommon trap: reason=unstable_if action=reinterpret pc=0x0000000002ffefc0 method=java.lang.CharacterData.of(I)Ljava/lang/CharacterData; @ 4
Event: 0.846 Thread 0x000000001f457000 Uncommon trap: reason=unstable_if action=reinterpret pc=0x000000000314f7f8 method=jdk.internal.org.objectweb.asm.Type.getArgumentsAndReturnSizes(Ljava/lang/String;)I @ 47
Event: 1.069 Thread 0x000000001f457000 Uncommon trap: reason=unstable_if action=reinterpret pc=0x00000000032f6aa8 method=java.util.concurrent.locks.ReentrantLock$Sync.isHeldExclusively()Z @ 7

Internal exceptions (10 events):
Event: 0.146 Thread 0x0000000002d20800 Exception <a 'java/security/PrivilegedActionException'> (0x000000076bae91f0) thrown at [C:\re\workspace\8-2-build-windows-amd64-cygwin\jdk8u131\8869\hotspot\src\share\vm\prims\jvm.cpp, line 1390]
Event: 0.146 Thread 0x0000000002d20800 Exception <a 'java/lang/NullPointerException'> (0x000000076bae97c8) thrown at [C:\re\workspace\8-2-build-windows-amd64-cygwin\jdk8u131\8869\hotspot\src\share\vm\interpreter\linkResolver.cpp, line 1197]
Event: 0.283 Thread 0x000000001f457000 Exception <a 'java/lang/NullPointerException'> (0x000000076c2afaa8) thrown at [C:\re\workspace\8-2-build-windows-amd64-cygwin\jdk8u131\8869\hotspot\src\share\vm\interpreter\linkResolver.cpp, line 1197]
Event: 0.283 Thread 0x000000001f457000 Exception <a 'java/lang/NullPointerException'> (0x000000076c2afaa8) thrown at [C:\re\workspace\8-2-build-windows-amd64-cygwin\jdk8u131\8869\hotspot\src\share\vm\prims\jvm.cpp, line 1394]
Event: 0.425 Thread 0x000000001f457000 Exception <a 'java/lang/ArrayIndexOutOfBoundsException'> (0x000000076bba14e0) thrown at [C:\re\workspace\8-2-build-windows-amd64-cygwin\jdk8u131\8869\hotspot\src\share\vm\runtime\sharedRuntime.cpp, line 605]
Event: 0.425 Thread 0x000000001f457000 Exception <a 'java/lang/ArrayIndexOutOfBoundsException'> (0x000000076bba21e0) thrown at [C:\re\workspace\8-2-build-windows-amd64-cygwin\jdk8u131\8869\hotspot\src\share\vm\runtime\sharedRuntime.cpp, line 605]
Event: 0.425 Thread 0x000000001f457000 Exception <a 'java/lang/ArrayIndexOutOfBoundsException'> (0x000000076bba3588) thrown at [C:\re\workspace\8-2-build-windows-amd64-cygwin\jdk8u131\8869\hotspot\src\share\vm\runtime\sharedRuntime.cpp, line 605]
Event: 0.455 Thread 0x000000001f457000 Exception <a 'java/lang/ArrayIndexOutOfBoundsException'> (0x000000076bd999a0) thrown at [C:\re\workspace\8-2-build-windows-amd64-cygwin\jdk8u131\8869\hotspot\src\share\vm\runtime\sharedRuntime.cpp, line 605]
Event: 0.457 Thread 0x000000001f457000 Exception <a 'java/lang/ArrayIndexOutOfBoundsException'> (0x000000076bdaa728) thrown at [C:\re\workspace\8-2-build-windows-amd64-cygwin\jdk8u131\8869\hotspot\src\share\vm\runtime\sharedRuntime.cpp, line 605]
Event: 0.531 Thread 0x000000001f457000 Implicit null exception at 0x00000000030f8f75 to 0x00000000030f91a5

Events (10 events):
Event: 4.321 loading class javafx/event/Event
Event: 4.321 loading class javafx/event/Event done
Event: 4.321 loading class javafx/scene/Node
Event: 4.321 loading class javafx/scene/Node done
Event: 4.495 loading class java/util/ArrayList$ListItr
Event: 4.495 loading class java/util/ArrayList$ListItr done
Event: 4.495 Executing VM operation: Deoptimize
Event: 4.495 Executing VM operation: Deoptimize done
Event: 4.495 loading class java/util/Collections$UnmodifiableList$1
Event: 4.495 loading class java/util/Collections$UnmodifiableList$1 done


Dynamic libraries:
0x00007ff66c5c0000 - 0x00007ff66c5f7000 	C:\Program Files\Java\jre1.8.0_131\bin\javaw.exe
0x00007fff87c80000 - 0x00007fff87e51000 	C:\WINDOWS\SYSTEM32\ntdll.dll
0x00007fff87240000 - 0x00007fff872eb000 	C:\WINDOWS\System32\KERNEL32.DLL
0x00007fff84270000 - 0x00007fff8448d000 	C:\WINDOWS\System32\KERNELBASE.dll
0x00007fff872f0000 - 0x00007fff87392000 	C:\WINDOWS\System32\ADVAPI32.dll
0x00007fff857d0000 - 0x00007fff8586e000 	C:\WINDOWS\System32\msvcrt.dll
0x00007fff853a0000 - 0x00007fff853f9000 	C:\WINDOWS\System32\sechost.dll
0x00007fff85540000 - 0x00007fff85661000 	C:\WINDOWS\System32\RPCRT4.dll
0x00007fff85210000 - 0x00007fff85375000 	C:\WINDOWS\System32\USER32.dll
0x00007fff84880000 - 0x00007fff8489e000 	C:\WINDOWS\System32\win32u.dll
0x00007fff854f0000 - 0x00007fff85524000 	C:\WINDOWS\System32\GDI32.dll
0x00007fff848a0000 - 0x00007fff84a22000 	C:\WINDOWS\System32\gdi32full.dll
0x00007fff71570000 - 0x00007fff717e9000 	C:\WINDOWS\WinSxS\amd64_microsoft.windows.common-controls_6595b64144ccf1df_6.0.14393.447_none_42191651c6827bb3\COMCTL32.dll
0x00007fff87910000 - 0x00007fff87bd8000 	C:\WINDOWS\System32\combase.dll
0x00007fff84170000 - 0x00007fff84265000 	C:\WINDOWS\System32\ucrtbase.dll
0x00007fff845e0000 - 0x00007fff8464a000 	C:\WINDOWS\System32\bcryptPrimitives.dll
0x00007fff85400000 - 0x00007fff8542e000 	C:\WINDOWS\System32\IMM32.DLL
0x00000000772a0000 - 0x0000000077372000 	C:\Program Files\Java\jre1.8.0_131\bin\msvcr100.dll
0x0000000076a00000 - 0x000000007729c000 	C:\Program Files\Java\jre1.8.0_131\bin\server\jvm.dll
0x00007fff85530000 - 0x00007fff85538000 	C:\WINDOWS\System32\PSAPI.DLL
0x00007fff78df0000 - 0x00007fff78dfa000 	C:\WINDOWS\SYSTEM32\VERSION.dll
0x00007fff74dc0000 - 0x00007fff74dc9000 	C:\WINDOWS\SYSTEM32\WSOCK32.dll
0x00007fff82040000 - 0x00007fff82063000 	C:\WINDOWS\SYSTEM32\WINMM.dll
0x00007fff85cc0000 - 0x00007fff85d2a000 	C:\WINDOWS\System32\WS2_32.dll
0x0000000000e20000 - 0x0000000000e4b000 	C:\WINDOWS\SYSTEM32\WINMMBASE.dll
0x00007fff84ae0000 - 0x00007fff84b22000 	C:\WINDOWS\System32\cfgmgr32.dll
0x00000000769f0000 - 0x00000000769ff000 	C:\Program Files\Java\jre1.8.0_131\bin\verify.dll
0x00000000769c0000 - 0x00000000769e9000 	C:\Program Files\Java\jre1.8.0_131\bin\java.dll
0x00000000769a0000 - 0x00000000769b6000 	C:\Program Files\Java\jre1.8.0_131\bin\zip.dll
0x00007fff85d30000 - 0x00007fff87239000 	C:\WINDOWS\System32\SHELL32.dll
0x00007fff84b30000 - 0x00007fff8520a000 	C:\WINDOWS\System32\windows.storage.dll
0x00007fff840f0000 - 0x00007fff8413c000 	C:\WINDOWS\System32\powrprof.dll
0x00007fff87410000 - 0x00007fff87462000 	C:\WINDOWS\System32\shlwapi.dll
0x00007fff84160000 - 0x00007fff8416f000 	C:\WINDOWS\System32\kernel.appcore.dll
0x00007fff84a30000 - 0x00007fff84ad9000 	C:\WINDOWS\System32\shcore.dll
0x00007fff84140000 - 0x00007fff84154000 	C:\WINDOWS\System32\profapi.dll
0x00007fff5cc30000 - 0x00007fff5cd1f000 	C:\Program Files\Java\jre1.8.0_131\bin\msvcr120.dll
0x00007fff5cb80000 - 0x00007fff5cc26000 	C:\Program Files\Java\jre1.8.0_131\bin\msvcp120.dll
0x0000000076970000 - 0x0000000076992000 	C:\Program Files\Java\jre1.8.0_131\bin\prism_d3d.dll
0x00007fff5c040000 - 0x00007fff5c1cd000 	C:\WINDOWS\system32\d3d9.dll
0x00007fff813c0000 - 0x00007fff813e6000 	C:\WINDOWS\SYSTEM32\dwmapi.dll
0x00007fff827c0000 - 0x00007fff82855000 	C:\WINDOWS\system32\uxtheme.dll
0x00007fff47b90000 - 0x00007fff4d374000 	C:\WINDOWS\System32\DriverStore\FileRepository\igdlh64.inf_amd64_0745f11ce6fc197c\igdumdim64.dll
0x00007fff85430000 - 0x00007fff854ef000 	C:\WINDOWS\System32\OLEAUT32.dll
0x00007fff84490000 - 0x00007fff8452c000 	C:\WINDOWS\System32\msvcp_win.dll
0x00007fff85870000 - 0x00007fff859a7000 	C:\WINDOWS\System32\ole32.dll
0x00007fff87470000 - 0x00007fff87899000 	C:\WINDOWS\System32\SETUPAPI.dll
0x0000000076920000 - 0x0000000076963000 	C:\Program Files\Java\jre1.8.0_131\bin\glass.dll
0x00007fff859b0000 - 0x00007fff85aaa000 	C:\WINDOWS\System32\COMDLG32.dll
0x00007fff85670000 - 0x00007fff857cb000 	C:\WINDOWS\System32\MSCTF.dll
0x0000000076900000 - 0x0000000076914000 	C:\Program Files\Java\jre1.8.0_131\bin\javafx_font.dll
0x00007fff74250000 - 0x00007fff744b9000 	C:\WINDOWS\SYSTEM32\dwrite.dll
0x00007fff87be0000 - 0x00007fff87c7f000 	C:\WINDOWS\System32\clbcatq.dll
0x00007fff80f30000 - 0x00007fff810d8000 	C:\WINDOWS\SYSTEM32\WindowsCodecs.dll
0x00007fff70d20000 - 0x00007fff70d69000 	C:\WINDOWS\system32\dataexchange.dll
0x00007fff81eb0000 - 0x00007fff82001000 	C:\WINDOWS\system32\dcomp.dll
0x00007fff816b0000 - 0x00007fff81966000 	C:\WINDOWS\system32\d3d11.dll
0x00007fff83070000 - 0x00007fff8310f000 	C:\WINDOWS\system32\dxgi.dll
0x00007fff82b40000 - 0x00007fff82c5c000 	C:\WINDOWS\system32\twinapi.appcore.dll
0x00007fff83cc0000 - 0x00007fff83ceb000 	C:\WINDOWS\system32\bcrypt.dll
0x00007fff74b10000 - 0x00007fff74b42000 	C:\Program Files\Common Files\Microsoft Shared\Ink\rtscom.dll

VM Arguments:
jvm_args: -Dfile.encoding=Cp1255 
java_command: application.Main
java_class_path (initial): C:\Users\User\git\Academic-system-Client\Client\bin;C:\Users\User\.p2\pool\plugins\org.eclipse.fx.ide.css.jfx8_2.4.0.201605112122.jar
Launcher Type: SUN_STANDARD

Environment Variables:
PATH=C:/Program Files/Java/jre1.8.0_121/bin/server;C:/Program Files/Java/jre1.8.0_121/bin;C:/Program Files/Java/jre1.8.0_121/lib/amd64;C:\ProgramData\Oracle\Java\javapath;C:\Program Files (x86)\Intel\iCLS Client\;C:\Program Files\Intel\iCLS Client\;C:\Windows\system32;C:\Windows;C:\Windows\System32\Wbem;C:\Windows\System32\WindowsPowerShell\v1.0\;C:\Program Files\Intel\WiFi\bin\;C:\Program Files\Common Files\Intel\WirelessCommon\;C:\Program Files (x86)\NVIDIA Corporation\PhysX\Common;C:\Program Files (x86)\Intel\Intel(R) Management Engine Components\DAL;C:\Program Files\Intel\Intel(R) Management Engine Components\DAL;C:\Program Files (x86)\Intel\Intel(R) Management Engine Components\IPT;C:\Program Files\Intel\Intel(R) Management Engine Components\IPT;C:\WINDOWS\system32;C:\WINDOWS;C:\WINDOWS\System32\Wbem;C:\WINDOWS\System32\WindowsPowerShell\v1.0\;C:\Program Files\MySQL\MySQL Utilities 1.6\;C:\Users\User\AppData\Local\Microsoft\WindowsApps;;C:\WINDOWS\System32;
USERNAME=User
OS=Windows_NT
PROCESSOR_IDENTIFIER=Intel64 Family 6 Model 94 Stepping 3, GenuineIntel



---------------  S Y S T E M  ---------------

OS: Windows 10.0 , 64 bit Build 14393 (10.0.14393.0)

CPU:total 8 (initial active 8) (4 cores per cpu, 2 threads per core) family 6 model 94 stepping 3, cmov, cx8, fxsr, mmx, sse, sse2, sse3, ssse3, sse4.1, sse4.2, popcnt, avx, avx2, aes, clmul, erms, rtm, 3dnowpref, lzcnt, ht, tsc, tscinvbit, bmi1, bmi2, adx

Memory: 4k page, physical 16617856k(9435876k free), swap 32147836k(5148k free)

vm_info: Java HotSpot(TM) 64-Bit Server VM (25.131-b11) for windows-amd64 JRE (1.8.0_131-b11), built on Mar 15 2017 01:23:53 by "java_re" with MS VC++ 10.0 (VS2010)

time: Thu Jun 15 12:18:15 2017
elapsed time: 4 seconds (0d 0h 0m 4s)

