#
# There is insufficient memory for the Java Runtime Environment to continue.
# Native memory allocation (malloc) failed to allocate 32744 bytes for ChunkPool::allocate
# Possible reasons:
#   The system is out of physical RAM or swap space
#   In 32 bit mode, the process size limit was hit
# Possible solutions:
#   Reduce memory load on the system
#   Increase physical memory or swap space
#   Check if swap backing store is full
#   Use 64 bit Java on a 64 bit OS
#   Decrease Java heap size (-Xmx/-Xms)
#   Decrease number of Java threads
#   Decrease Java thread stack sizes (-Xss)
#   Set larger code cache with -XX:ReservedCodeCacheSize=
# This output file may be truncated or incomplete.
#
#  Out of Memory Error (allocation.cpp:273), pid=5700, tid=0x0000000000001e9c
#
# JRE version: Java(TM) SE Runtime Environment (8.0_131-b11) (build 1.8.0_131-b11)
# Java VM: Java HotSpot(TM) 64-Bit Server VM (25.131-b11 mixed mode windows-amd64 compressed oops)
# Failed to write core dump. Minidumps are not enabled by default on client versions of Windows
#

---------------  T H R E A D  ---------------

Current thread (0x000000001dc9c000):  JavaThread "C2 CompilerThread2" daemon [_thread_in_native, id=7836, stack(0x000000001e620000,0x000000001e720000)]

Stack: [0x000000001e620000,0x000000001e720000]
[error occurred during error reporting (printing stack bounds), id 0xc0000005]

Native frames: (J=compiled Java code, j=interpreted, Vv=VM code, C=native code)


Current CompileTask:
C2:    511  767  s!   4       sun.misc.URLClassPath::getLoader (243 bytes)


---------------  P R O C E S S  ---------------

Java Threads: ( => current thread )
  0x000000001eb3f000 JavaThread "JavaFX-Launcher" [_thread_blocked, id=6652, stack(0x0000000024010000,0x0000000024110000)]
  0x000000001eb6c800 JavaThread "Thread-2" daemon [_thread_in_native, id=2996, stack(0x0000000023f10000,0x0000000024010000)]
  0x000000001eac1800 JavaThread "JavaFX Application Thread" [_thread_in_vm, id=8316, stack(0x000000001f670000,0x000000001f770000)]
  0x000000001eab3800 JavaThread "Thread-1" daemon [_thread_blocked, id=7684, stack(0x000000001f570000,0x000000001f670000)]
  0x000000001ea90800 JavaThread "QuantumRenderer-0" daemon [_thread_blocked, id=5156, stack(0x000000001f220000,0x000000001f320000)]
  0x000000001dd3f800 JavaThread "Service Thread" daemon [_thread_blocked, id=7848, stack(0x000000001e820000,0x000000001e920000)]
  0x000000001dca5800 JavaThread "C1 CompilerThread3" daemon [_thread_blocked, id=4712, stack(0x000000001e720000,0x000000001e820000)]
=>0x000000001dc9c000 JavaThread "C2 CompilerThread2" daemon [_thread_in_native, id=7836, stack(0x000000001e620000,0x000000001e720000)]
  0x000000001dc9a800 JavaThread "C2 CompilerThread1" daemon [_thread_in_native, id=14960, stack(0x000000001e520000,0x000000001e620000)]
  0x000000001dc96000 JavaThread "C2 CompilerThread0" daemon [_thread_in_native, id=13496, stack(0x000000001e420000,0x000000001e520000)]
  0x000000001dc94800 JavaThread "Attach Listener" daemon [_thread_blocked, id=11708, stack(0x000000001e320000,0x000000001e420000)]
  0x000000001dc93800 JavaThread "Signal Dispatcher" daemon [_thread_blocked, id=7696, stack(0x000000001e220000,0x000000001e320000)]
  0x0000000002389800 JavaThread "Finalizer" daemon [_thread_blocked, id=2232, stack(0x000000001e020000,0x000000001e120000)]
  0x0000000002388000 JavaThread "Reference Handler" daemon [_thread_blocked, id=15396, stack(0x000000001db20000,0x000000001dc20000)]
  0x0000000002290800 JavaThread "main" [_thread_blocked, id=11156, stack(0x0000000002190000,0x0000000002290000)]

Other Threads:
  0x000000001bd39800 VMThread [stack: 0x000000001da20000,0x000000001db20000] [id=8592]
  0x000000001dd97800 WatcherThread [stack: 0x000000001e920000,0x000000001ea20000] [id=13860]

VM state:not at safepoint (normal execution)

VM Mutex/Monitor currently owned by a thread: None

Heap:
 PSYoungGen      total 75776K, used 27767K [0x000000076b780000, 0x0000000770c00000, 0x00000007c0000000)
  eden space 65024K, 42% used [0x000000076b780000,0x000000076d29dd30,0x000000076f700000)
  from space 10752K, 0% used [0x0000000770180000,0x0000000770180000,0x0000000770c00000)
  to   space 10752K, 0% used [0x000000076f700000,0x000000076f700000,0x0000000770180000)
 ParOldGen       total 173568K, used 0K [0x00000006c2600000, 0x00000006ccf80000, 0x000000076b780000)
  object space 173568K, 0% used [0x00000006c2600000,0x00000006c2600000,0x00000006ccf80000)
 Metaspace       used 11899K, capacity 12286K, committed 12544K, reserved 1060864K
  class space    used 1669K, capacity 1773K, committed 1792K, reserved 1048576K

Card table byte_map: [0x0000000011750000,0x0000000011f40000] byte_map_base: 0x000000000e13d000

Marking Bits: (ParMarkBitMap*) 0x000000007721c720
 Begin Bits: [0x0000000012c90000, 0x0000000016bf8000)
 End Bits:   [0x0000000016bf8000, 0x000000001ab60000)

Polling page: 0x00000000020b0000

CodeCache: size=245760Kb used=2993Kb max_used=2993Kb free=242766Kb
 bounds [0x0000000002390000, 0x0000000002680000, 0x0000000011390000]
 total_blobs=1263 nmethods=784 adapters=392
 compilation: enabled

Compilation events (10 events):
Event: 0.508 Thread 0x000000001dca5800 nmethod 782 0x0000000002679a10 code [0x0000000002679ba0, 0x000000000267a128]
Event: 0.508 Thread 0x000000001dca5800  777       3       java.util.Collections$UnmodifiableCollection::size (10 bytes)
Event: 0.508 Thread 0x000000001dca5800 nmethod 777 0x000000000267a2d0 code [0x000000000267a440, 0x000000000267a668]
Event: 0.508 Thread 0x000000001dca5800  783       1       javafx.css.CssMetaData::isInherits (5 bytes)
Event: 0.508 Thread 0x000000001dca5800 nmethod 783 0x000000000267a710 code [0x000000000267a860, 0x000000000267a970]
Event: 0.509 Thread 0x000000001dca5800  785       3       java.lang.invoke.LambdaForm$BMH/135721597::reinvoke (25 bytes)
Event: 0.509 Thread 0x000000001dca5800 nmethod 785 0x000000000267a9d0 code [0x000000000267ab60, 0x000000000267b158]
Event: 0.509 Thread 0x000000001dca5800  786       3       java.lang.invoke.MethodHandleImpl::castReference (20 bytes)
Event: 0.509 Thread 0x000000001dca5800 nmethod 786 0x000000000267b290 code [0x000000000267b400, 0x000000000267b6a8]
Event: 0.509 Thread 0x000000001dca5800  788       3       java.lang.invoke.MethodHandles$Lookup::checkAccess (250 bytes)

GC Heap History (0 events):
No events

Deoptimization events (6 events):
Event: 0.287 Thread 0x000000001eac1800 Uncommon trap: reason=unstable_if action=reinterpret pc=0x00000000025380b0 method=java.lang.String.replace(CC)Ljava/lang/String; @ 26
Event: 0.325 Thread 0x000000001eac1800 Uncommon trap: reason=unstable_if action=reinterpret pc=0x000000000256b494 method=java.lang.String.indexOf([CII[CIII)I @ 134
Event: 0.341 Thread 0x000000001eac1800 Uncommon trap: reason=unstable_if action=reinterpret pc=0x000000000254b25c method=java.lang.String.startsWith(Ljava/lang/String;I)Z @ 25
Event: 0.357 Thread 0x000000001eac1800 Uncommon trap: reason=unstable_if action=reinterpret pc=0x00000000025e58a8 method=java.io.BufferedInputStream.read()I @ 8
Event: 0.365 Thread 0x000000001eac1800 Uncommon trap: reason=unstable_if action=reinterpret pc=0x00000000025cbf3c method=java.util.HashMap.getNode(ILjava/lang/Object;)Ljava/util/HashMap$Node; @ 84
Event: 0.365 Thread 0x000000001eac1800 Uncommon trap: reason=unstable_if action=reinterpret pc=0x00000000025cea18 method=java.util.HashMap.getNode(ILjava/lang/Object;)Ljava/util/HashMap$Node; @ 84

Internal exceptions (10 events):
Event: 0.132 Thread 0x0000000002290800 Exception <a 'java/security/PrivilegedActionException'> (0x000000076bae8ef8) thrown at [C:\re\workspace\8-2-build-windows-amd64-cygwin\jdk8u131\8869\hotspot\src\share\vm\prims\jvm.cpp, line 1390]
Event: 0.132 Thread 0x0000000002290800 Exception <a 'java/security/PrivilegedActionException'> (0x000000076bae9108) thrown at [C:\re\workspace\8-2-build-windows-amd64-cygwin\jdk8u131\8869\hotspot\src\share\vm\prims\jvm.cpp, line 1390]
Event: 0.132 Thread 0x0000000002290800 Exception <a 'java/lang/NullPointerException'> (0x000000076bae96e0) thrown at [C:\re\workspace\8-2-build-windows-amd64-cygwin\jdk8u131\8869\hotspot\src\share\vm\interpreter\linkResolver.cpp, line 1197]
Event: 0.264 Thread 0x000000001eac1800 Exception <a 'java/lang/NullPointerException'> (0x000000076c2f6548) thrown at [C:\re\workspace\8-2-build-windows-amd64-cygwin\jdk8u131\8869\hotspot\src\share\vm\interpreter\linkResolver.cpp, line 1197]
Event: 0.264 Thread 0x000000001eac1800 Exception <a 'java/lang/NullPointerException'> (0x000000076c2f6548) thrown at [C:\re\workspace\8-2-build-windows-amd64-cygwin\jdk8u131\8869\hotspot\src\share\vm\prims\jvm.cpp, line 1394]
Event: 0.384 Thread 0x000000001eac1800 Exception <a 'java/lang/ArrayIndexOutOfBoundsException'> (0x000000076cba0410) thrown at [C:\re\workspace\8-2-build-windows-amd64-cygwin\jdk8u131\8869\hotspot\src\share\vm\runtime\sharedRuntime.cpp, line 605]
Event: 0.384 Thread 0x000000001eac1800 Exception <a 'java/lang/ArrayIndexOutOfBoundsException'> (0x000000076cba1110) thrown at [C:\re\workspace\8-2-build-windows-amd64-cygwin\jdk8u131\8869\hotspot\src\share\vm\runtime\sharedRuntime.cpp, line 605]
Event: 0.385 Thread 0x000000001eac1800 Exception <a 'java/lang/ArrayIndexOutOfBoundsException'> (0x000000076cba24b8) thrown at [C:\re\workspace\8-2-build-windows-amd64-cygwin\jdk8u131\8869\hotspot\src\share\vm\runtime\sharedRuntime.cpp, line 605]
Event: 0.416 Thread 0x000000001eac1800 Exception <a 'java/lang/ArrayIndexOutOfBoundsException'> (0x000000076cd98798) thrown at [C:\re\workspace\8-2-build-windows-amd64-cygwin\jdk8u131\8869\hotspot\src\share\vm\runtime\sharedRuntime.cpp, line 605]
Event: 0.418 Thread 0x000000001eac1800 Exception <a 'java/lang/ArrayIndexOutOfBoundsException'> (0x000000076cda9520) thrown at [C:\re\workspace\8-2-build-windows-amd64-cygwin\jdk8u131\8869\hotspot\src\share\vm\runtime\sharedRuntime.cpp, line 605]

Events (10 events):
Event: 0.509 loading class javafx/beans/Observable
Event: 0.509 loading class javafx/beans/Observable done
Event: 0.509 loading class javafx/beans/Observable
Event: 0.509 loading class javafx/beans/Observable done
Event: 0.509 loading class javafx/scene/Scene$KeyHandler
Event: 0.509 loading class javafx/scene/Scene$KeyHandler done
Event: 0.510 loading class com/sun/javafx/event/EventUtil
Event: 0.510 loading class com/sun/javafx/event/EventUtil done
Event: 0.510 loading class com/sun/javafx/event/DirectEvent
Event: 0.510 loading class com/sun/javafx/event/DirectEvent done


Dynamic libraries:
0x00007ff7b0b10000 - 0x00007ff7b0b47000 	C:\Program Files\Java\jre1.8.0_131\bin\javaw.exe
0x00007fff87c80000 - 0x00007fff87e51000 	C:\WINDOWS\SYSTEM32\ntdll.dll
0x00007fff87240000 - 0x00007fff872eb000 	C:\WINDOWS\System32\KERNEL32.DLL
0x00007fff84270000 - 0x00007fff8448d000 	C:\WINDOWS\System32\KERNELBASE.dll
0x00007fff872f0000 - 0x00007fff87392000 	C:\WINDOWS\System32\ADVAPI32.dll
0x00007fff857d0000 - 0x00007fff8586e000 	C:\WINDOWS\System32\msvcrt.dll
0x00007fff853a0000 - 0x00007fff853f9000 	C:\WINDOWS\System32\sechost.dll
0x00007fff85540000 - 0x00007fff85661000 	C:\WINDOWS\System32\RPCRT4.dll
0x00007fff85210000 - 0x00007fff85375000 	C:\WINDOWS\System32\USER32.dll
0x00007fff84880000 - 0x00007fff8489e000 	C:\WINDOWS\System32\win32u.dll
0x00007fff854f0000 - 0x00007fff85524000 	C:\WINDOWS\System32\GDI32.dll
0x00007fff848a0000 - 0x00007fff84a22000 	C:\WINDOWS\System32\gdi32full.dll
0x00007fff71570000 - 0x00007fff717e9000 	C:\WINDOWS\WinSxS\amd64_microsoft.windows.common-controls_6595b64144ccf1df_6.0.14393.447_none_42191651c6827bb3\COMCTL32.dll
0x00007fff87910000 - 0x00007fff87bd8000 	C:\WINDOWS\System32\combase.dll
0x00007fff84170000 - 0x00007fff84265000 	C:\WINDOWS\System32\ucrtbase.dll
0x00007fff845e0000 - 0x00007fff8464a000 	C:\WINDOWS\System32\bcryptPrimitives.dll
0x00007fff85400000 - 0x00007fff8542e000 	C:\WINDOWS\System32\IMM32.DLL
0x00000000772a0000 - 0x0000000077372000 	C:\Program Files\Java\jre1.8.0_131\bin\msvcr100.dll
0x0000000076a00000 - 0x000000007729c000 	C:\Program Files\Java\jre1.8.0_131\bin\server\jvm.dll
0x00007fff85530000 - 0x00007fff85538000 	C:\WINDOWS\System32\PSAPI.DLL
0x00007fff74dc0000 - 0x00007fff74dc9000 	C:\WINDOWS\SYSTEM32\WSOCK32.dll
0x00007fff78df0000 - 0x00007fff78dfa000 	C:\WINDOWS\SYSTEM32\VERSION.dll
0x00007fff82040000 - 0x00007fff82063000 	C:\WINDOWS\SYSTEM32\WINMM.dll
0x00007fff85cc0000 - 0x00007fff85d2a000 	C:\WINDOWS\System32\WS2_32.dll
0x00007fff81d40000 - 0x00007fff81d6b000 	C:\WINDOWS\SYSTEM32\WINMMBASE.dll
0x00007fff84ae0000 - 0x00007fff84b22000 	C:\WINDOWS\System32\cfgmgr32.dll
0x00000000769f0000 - 0x00000000769ff000 	C:\Program Files\Java\jre1.8.0_131\bin\verify.dll
0x00000000769c0000 - 0x00000000769e9000 	C:\Program Files\Java\jre1.8.0_131\bin\java.dll
0x00000000769a0000 - 0x00000000769b6000 	C:\Program Files\Java\jre1.8.0_131\bin\zip.dll
0x00007fff85d30000 - 0x00007fff87239000 	C:\WINDOWS\System32\SHELL32.dll
0x00007fff84b30000 - 0x00007fff8520a000 	C:\WINDOWS\System32\windows.storage.dll
0x00007fff840f0000 - 0x00007fff8413c000 	C:\WINDOWS\System32\powrprof.dll
0x00007fff87410000 - 0x00007fff87462000 	C:\WINDOWS\System32\shlwapi.dll
0x00007fff84160000 - 0x00007fff8416f000 	C:\WINDOWS\System32\kernel.appcore.dll
0x00007fff84a30000 - 0x00007fff84ad9000 	C:\WINDOWS\System32\shcore.dll
0x00007fff84140000 - 0x00007fff84154000 	C:\WINDOWS\System32\profapi.dll
0x00007fff72f80000 - 0x00007fff7306f000 	C:\Program Files\Java\jre1.8.0_131\bin\msvcr120.dll
0x00007fff5ce80000 - 0x00007fff5cf26000 	C:\Program Files\Java\jre1.8.0_131\bin\msvcp120.dll
0x0000000076970000 - 0x0000000076992000 	C:\Program Files\Java\jre1.8.0_131\bin\prism_d3d.dll
0x00007fff5a6b0000 - 0x00007fff5a83d000 	C:\WINDOWS\system32\d3d9.dll
0x00007fff813c0000 - 0x00007fff813e6000 	C:\WINDOWS\SYSTEM32\dwmapi.dll
0x00007fff827c0000 - 0x00007fff82855000 	C:\WINDOWS\system32\uxtheme.dll
0x00007fff44e10000 - 0x00007fff4a5f4000 	C:\WINDOWS\System32\DriverStore\FileRepository\igdlh64.inf_amd64_0745f11ce6fc197c\igdumdim64.dll
0x00007fff85430000 - 0x00007fff854ef000 	C:\WINDOWS\System32\OLEAUT32.dll
0x00007fff84490000 - 0x00007fff8452c000 	C:\WINDOWS\System32\msvcp_win.dll
0x00007fff85870000 - 0x00007fff859a7000 	C:\WINDOWS\System32\ole32.dll
0x00007fff87470000 - 0x00007fff87899000 	C:\WINDOWS\System32\SETUPAPI.dll
0x0000000076920000 - 0x0000000076963000 	C:\Program Files\Java\jre1.8.0_131\bin\glass.dll
0x00007fff859b0000 - 0x00007fff85aaa000 	C:\WINDOWS\System32\COMDLG32.dll
0x00007fff85670000 - 0x00007fff857cb000 	C:\WINDOWS\System32\MSCTF.dll
0x00007fff7d180000 - 0x00007fff7e2dc000 	C:\WINDOWS\System32\DriverStore\FileRepository\igdlh64.inf_amd64_0745f11ce6fc197c\igc64.dll
0x0000000076900000 - 0x0000000076914000 	C:\Program Files\Java\jre1.8.0_131\bin\javafx_font.dll
0x00007fff74250000 - 0x00007fff744b9000 	C:\WINDOWS\SYSTEM32\dwrite.dll

VM Arguments:
jvm_args: -Dfile.encoding=Cp1255 
java_command: application.Main
java_class_path (initial): C:\Users\User\git\Academic-system-Client\Client\bin;C:\Users\User\.p2\pool\plugins\org.eclipse.fx.ide.css.jfx8_2.4.0.201605112122.jar
Launcher Type: SUN_STANDARD

Environment Variables:
PATH=C:/Program Files/Java/jre1.8.0_121/bin/server;C:/Program Files/Java/jre1.8.0_121/bin;C:/Program Files/Java/jre1.8.0_121/lib/amd64;C:\ProgramData\Oracle\Java\javapath;C:\Program Files (x86)\Intel\iCLS Client\;C:\Program Files\Intel\iCLS Client\;C:\Windows\system32;C:\Windows;C:\Windows\System32\Wbem;C:\Windows\System32\WindowsPowerShell\v1.0\;C:\Program Files\Intel\WiFi\bin\;C:\Program Files\Common Files\Intel\WirelessCommon\;C:\Program Files (x86)\NVIDIA Corporation\PhysX\Common;C:\Program Files (x86)\Intel\Intel(R) Management Engine Components\DAL;C:\Program Files\Intel\Intel(R) Management Engine Components\DAL;C:\Program Files (x86)\Intel\Intel(R) Management Engine Components\IPT;C:\Program Files\Intel\Intel(R) Management Engine Components\IPT;C:\WINDOWS\system32;C:\WINDOWS;C:\WINDOWS\System32\Wbem;C:\WINDOWS\System32\WindowsPowerShell\v1.0\;C:\Program Files\MySQL\MySQL Utilities 1.6\;C:\Users\User\AppData\Local\Microsoft\WindowsApps;;C:\WINDOWS\System32;
USERNAME=User
OS=Windows_NT
PROCESSOR_IDENTIFIER=Intel64 Family 6 Model 94 Stepping 3, GenuineIntel



---------------  S Y S T E M  ---------------

OS: Windows 10.0 , 64 bit Build 14393 (10.0.14393.0)

CPU:total 8 (initial active 8) (4 cores per cpu, 2 threads per core) family 6 model 94 stepping 3, cmov, cx8, fxsr, mmx, sse, sse2, sse3, ssse3, sse4.1, sse4.2, popcnt, avx, avx2, aes, clmul, erms, rtm, 3dnowpref, lzcnt, ht, tsc, tscinvbit, bmi1, bmi2, adx

Memory: 4k page, physical 16617856k(9410796k free), swap 32147836k(5284k free)

vm_info: Java HotSpot(TM) 64-Bit Server VM (25.131-b11) for windows-amd64 JRE (1.8.0_131-b11), built on Mar 15 2017 01:23:53 by "java_re" with MS VC++ 10.0 (VS2010)

time: Tue Jun 13 21:10:57 2017
elapsed time: 0 seconds (0d 0h 0m 0s)

