#
# There is insufficient memory for the Java Runtime Environment to continue.
# Native memory allocation (malloc) failed to allocate 1048576 bytes for AllocateHeap
# Possible reasons:
#   The system is out of physical RAM or swap space
#   In 32 bit mode, the process size limit was hit
# Possible solutions:
#   Reduce memory load on the system
#   Increase physical memory or swap space
#   Check if swap backing store is full
#   Use 64 bit Java on a 64 bit OS
#   Decrease Java heap size (-Xmx/-Xms)
#   Decrease number of Java threads
#   Decrease Java thread stack sizes (-Xss)
#   Set larger code cache with -XX:ReservedCodeCacheSize=
# This output file may be truncated or incomplete.
#
#  Out of Memory Error (memory/allocation.inline.hpp:61), pid=5344, tid=0x0000000000004220
#
# JRE version:  (8.0_131-b11) (build )
# Java VM: Java HotSpot(TM) 64-Bit Server VM (25.131-b11 mixed mode windows-amd64 compressed oops)
# Failed to write core dump. Minidumps are not enabled by default on client versions of Windows
#

---------------  T H R E A D  ---------------

Current thread (0x0000000002ab0800):  JavaThread "Unknown thread" [_thread_in_vm, id=16928, stack(0x00000000029b0000,0x0000000002ab0000)]

Stack: [0x00000000029b0000,0x0000000002ab0000]
[error occurred during error reporting (printing stack bounds), id 0xc0000005]

Native frames: (J=compiled Java code, j=interpreted, Vv=VM code, C=native code)


---------------  P R O C E S S  ---------------

Java Threads: ( => current thread )

Other Threads:

=>0x0000000002ab0800 (exited) JavaThread "Unknown thread" [_thread_in_vm, id=16928, stack(0x00000000029b0000,0x0000000002ab0000)]

VM state:not at safepoint (normal execution)

VM Mutex/Monitor currently owned by a thread: None

Heap:
 PSYoungGen      total 75776K, used 1300K [0x000000076b780000, 0x0000000770c00000, 0x00000007c0000000)
  eden space 65024K, 2% used [0x000000076b780000,0x000000076b8c51f8,0x000000076f700000)
  from space 10752K, 0% used [0x0000000770180000,0x0000000770180000,0x0000000770c00000)
  to   space 10752K, 0% used [0x000000076f700000,0x000000076f700000,0x0000000770180000)
 ParOldGen       total 173568K, used 0K [0x00000006c2600000, 0x00000006ccf80000, 0x000000076b780000)
  object space 173568K, 0% used [0x00000006c2600000,0x00000006c2600000,0x00000006ccf80000)
 Metaspace       used 752K, capacity 1092K, committed 1152K, reserved 1060864K
  class space    used 75K, capacity 384K, committed 384K, reserved 1048576K

Card table byte_map: [0x0000000011f80000,0x0000000012770000] byte_map_base: 0x000000000e96d000

Marking Bits: (ParMarkBitMap*) 0x000000007720c720
 Begin Bits: [0x00000000134c0000, 0x0000000017428000)
 End Bits:   [0x0000000017428000, 0x000000001b390000)

Polling page: 0x0000000001260000

CodeCache: size=245760Kb used=328Kb max_used=328Kb free=245431Kb
 bounds [0x0000000002bc0000, 0x0000000002e30000, 0x0000000011bc0000]
 total_blobs=58 nmethods=0 adapters=38
 compilation: enabled

Compilation events (0 events):
No events

GC Heap History (0 events):
No events

Deoptimization events (0 events):
No events

Internal exceptions (0 events):
No events

Events (10 events):
Event: 0.018 loading class java/lang/Short
Event: 0.018 loading class java/lang/Short done
Event: 0.018 loading class java/lang/Integer
Event: 0.018 loading class java/lang/Integer done
Event: 0.018 loading class java/lang/Long
Event: 0.018 loading class java/lang/Long done
Event: 0.019 loading class java/lang/NullPointerException
Event: 0.019 loading class java/lang/NullPointerException done
Event: 0.019 loading class java/lang/ArithmeticException
Event: 0.019 loading class java/lang/ArithmeticException done


Dynamic libraries:
0x00007ff66c5c0000 - 0x00007ff66c5f7000 	C:\Program Files\Java\jre1.8.0_131\bin\javaw.exe
0x00007fff87c80000 - 0x00007fff87e51000 	C:\WINDOWS\SYSTEM32\ntdll.dll
0x00007fff87240000 - 0x00007fff872eb000 	C:\WINDOWS\System32\KERNEL32.DLL
0x00007fff84270000 - 0x00007fff8448d000 	C:\WINDOWS\System32\KERNELBASE.dll
0x00007fff872f0000 - 0x00007fff87392000 	C:\WINDOWS\System32\ADVAPI32.dll
0x00007fff857d0000 - 0x00007fff8586e000 	C:\WINDOWS\System32\msvcrt.dll
0x00007fff853a0000 - 0x00007fff853f9000 	C:\WINDOWS\System32\sechost.dll
0x00007fff85540000 - 0x00007fff85661000 	C:\WINDOWS\System32\RPCRT4.dll
0x00007fff85210000 - 0x00007fff85375000 	C:\WINDOWS\System32\USER32.dll
0x00007fff84880000 - 0x00007fff8489e000 	C:\WINDOWS\System32\win32u.dll
0x00007fff854f0000 - 0x00007fff85524000 	C:\WINDOWS\System32\GDI32.dll
0x00007fff848a0000 - 0x00007fff84a22000 	C:\WINDOWS\System32\gdi32full.dll
0x00007fff71570000 - 0x00007fff717e9000 	C:\WINDOWS\WinSxS\amd64_microsoft.windows.common-controls_6595b64144ccf1df_6.0.14393.447_none_42191651c6827bb3\COMCTL32.dll
0x00007fff87910000 - 0x00007fff87bd8000 	C:\WINDOWS\System32\combase.dll
0x00007fff84170000 - 0x00007fff84265000 	C:\WINDOWS\System32\ucrtbase.dll
0x00007fff845e0000 - 0x00007fff8464a000 	C:\WINDOWS\System32\bcryptPrimitives.dll
0x00007fff85400000 - 0x00007fff8542e000 	C:\WINDOWS\System32\IMM32.DLL
0x0000000077290000 - 0x0000000077362000 	C:\Program Files\Java\jre1.8.0_131\bin\msvcr100.dll
0x00000000769f0000 - 0x000000007728c000 	C:\Program Files\Java\jre1.8.0_131\bin\server\jvm.dll
0x00007fff85530000 - 0x00007fff85538000 	C:\WINDOWS\System32\PSAPI.DLL
0x00007fff74dc0000 - 0x00007fff74dc9000 	C:\WINDOWS\SYSTEM32\WSOCK32.dll
0x00007fff78df0000 - 0x00007fff78dfa000 	C:\WINDOWS\SYSTEM32\VERSION.dll
0x00007fff82040000 - 0x00007fff82063000 	C:\WINDOWS\SYSTEM32\WINMM.dll
0x00007fff85cc0000 - 0x00007fff85d2a000 	C:\WINDOWS\System32\WS2_32.dll
0x00000000011e0000 - 0x000000000120b000 	C:\WINDOWS\SYSTEM32\WINMMBASE.dll
0x00007fff84ae0000 - 0x00007fff84b22000 	C:\WINDOWS\System32\cfgmgr32.dll
0x00000000769e0000 - 0x00000000769ef000 	C:\Program Files\Java\jre1.8.0_131\bin\verify.dll
0x00000000769b0000 - 0x00000000769d9000 	C:\Program Files\Java\jre1.8.0_131\bin\java.dll
0x0000000076990000 - 0x00000000769a6000 	C:\Program Files\Java\jre1.8.0_131\bin\zip.dll

VM Arguments:
jvm_args: -Dfile.encoding=Cp1255 
java_command: application.Main
java_class_path (initial): C:\Users\User\git\Academic-system-Client\Client\bin;C:\Users\User\.p2\pool\plugins\org.eclipse.fx.ide.css.jfx8_2.4.0.201605112122.jar
Launcher Type: SUN_STANDARD

Environment Variables:
PATH=C:/Program Files/Java/jre1.8.0_121/bin/server;C:/Program Files/Java/jre1.8.0_121/bin;C:/Program Files/Java/jre1.8.0_121/lib/amd64;C:\ProgramData\Oracle\Java\javapath;C:\Program Files (x86)\Intel\iCLS Client\;C:\Program Files\Intel\iCLS Client\;C:\Windows\system32;C:\Windows;C:\Windows\System32\Wbem;C:\Windows\System32\WindowsPowerShell\v1.0\;C:\Program Files\Intel\WiFi\bin\;C:\Program Files\Common Files\Intel\WirelessCommon\;C:\Program Files (x86)\NVIDIA Corporation\PhysX\Common;C:\Program Files (x86)\Intel\Intel(R) Management Engine Components\DAL;C:\Program Files\Intel\Intel(R) Management Engine Components\DAL;C:\Program Files (x86)\Intel\Intel(R) Management Engine Components\IPT;C:\Program Files\Intel\Intel(R) Management Engine Components\IPT;C:\WINDOWS\system32;C:\WINDOWS;C:\WINDOWS\System32\Wbem;C:\WINDOWS\System32\WindowsPowerShell\v1.0\;C:\Program Files\MySQL\MySQL Utilities 1.6\;C:\Users\User\AppData\Local\Microsoft\WindowsApps;;C:\WINDOWS\System32;
USERNAME=User
OS=Windows_NT
PROCESSOR_IDENTIFIER=Intel64 Family 6 Model 94 Stepping 3, GenuineIntel



---------------  S Y S T E M  ---------------

OS: Windows 10.0 , 64 bit Build 14393 (10.0.14393.0)

CPU:total 8 (initial active 8) (4 cores per cpu, 2 threads per core) family 6 model 94 stepping 3, cmov, cx8, fxsr, mmx, sse, sse2, sse3, ssse3, sse4.1, sse4.2, popcnt, avx, avx2, aes, clmul, erms, rtm, 3dnowpref, lzcnt, ht, tsc, tscinvbit, bmi1, bmi2, adx

Memory: 4k page, physical 16617856k(9407008k free), swap 32147836k(5012k free)

vm_info: Java HotSpot(TM) 64-Bit Server VM (25.131-b11) for windows-amd64 JRE (1.8.0_131-b11), built on Mar 15 2017 01:23:53 by "java_re" with MS VC++ 10.0 (VS2010)

time: Thu Jun 15 01:47:01 2017
elapsed time: 0 seconds (0d 0h 0m 0s)

