JvmtiExport can_access_local_variables 0
JvmtiExport can_hotswap_or_post_breakpoint 0
JvmtiExport can_post_on_exceptions 0
# 423 ciObject found
ciMethod java/lang/Object <init> ()V 4097 1 141771 0 0
ciMethod java/lang/Object getClass ()Ljava/lang/Class; 3073 1 384 0 -1
ciMethod java/lang/Object hashCode ()I 2049 1 256 0 -1
ciMethod java/lang/Object equals (Ljava/lang/Object;)Z 2289 1 6045 0 -1
ciMethod java/lang/String equals (Ljava/lang/Object;)Z 2049 9257 19505 0 -1
ciMethod java/lang/String hashCode ()I 2857 32769 2124 0 320
ciMethod java/lang/String concat (Ljava/lang/String;)Ljava/lang/String; 3073 1 4880 0 -1
ciMethod java/lang/Class getSuperclass ()Ljava/lang/Class; 3073 1 384 0 -1
ciMethod java/lang/ClassCastException <init> ()V 0 0 1 0 -1
ciMethod java/util/Map isEmpty ()Z 0 0 1 0 -1
ciMethod java/util/Map get (Ljava/lang/Object;)Ljava/lang/Object; 0 0 1 0 -1
ciMethod java/util/Map put (Ljava/lang/Object;Ljava/lang/Object;)Ljava/lang/Object; 0 0 1 0 -1
ciMethod java/lang/Double doubleValue ()D 4097 1 879 0 -1
ciMethod java/lang/NullPointerException <init> ()V 0 0 2 0 -1
ciMethod java/util/Collection size ()I 0 0 1 0 -1
ciMethod java/util/Collection iterator ()Ljava/util/Iterator; 0 0 1 0 -1
ciMethod java/util/List size ()I 0 0 1 0 -1
ciMethod java/util/List isEmpty ()Z 0 0 1 0 -1
ciMethod java/util/List add (Ljava/lang/Object;)Z 0 0 1 0 -1
ciMethod java/util/List clear ()V 0 0 1 0 -1
ciMethod java/util/List get (I)Ljava/lang/Object; 0 0 1 0 -1
ciMethod java/util/List subList (II)Ljava/util/List; 0 0 1 0 -1
ciMethod java/util/AbstractCollection iterator ()Ljava/util/Iterator; 0 0 1 0 -1
ciMethod java/util/AbstractCollection size ()I 0 0 1 0 -1
ciMethod java/util/AbstractCollection isEmpty ()Z 3177 1 3890 0 0
ciMethod java/util/AbstractCollection contains (Ljava/lang/Object;)Z 985 417 117 0 0
ciMethod java/util/AbstractCollection containsAll (Ljava/util/Collection;)Z 2089 193 476 0 0
ciMethod java/util/ArrayList <init> ()V 457 1 6518 0 -1
ciMethod java/util/ArrayList size ()I 1057 1 132 0 0
ciMethod java/util/ArrayList isEmpty ()Z 4097 1 5681 0 64
ciMethod java/util/ArrayList elementData (I)Ljava/lang/Object; 2129 1 14087 0 0
ciMethod java/util/Collections sort (Ljava/util/List;Ljava/util/Comparator;)V 145 1 135 0 -1
ciMethod java/util/Collections emptyMap ()Ljava/util/Map; 113 1 42 0 -1
ciMethod java/util/Set containsAll (Ljava/util/Collection;)Z 0 0 1 0 -1
ciMethod java/util/Collections$EmptyList isEmpty ()Z 1049 1 131 0 0
ciMethod java/util/AbstractMap <init> ()V 1049 1 2837 0 0
ciMethod java/util/Collections$UnmodifiableList get (I)Ljava/lang/Object; 4097 1 5827 0 96
ciMethod java/util/Collections$UnmodifiableCollection size ()I 4097 1 4825 0 0
ciMethod java/util/HashMap hash (Ljava/lang/Object;)I 2289 1 32160 0 0
ciMethod java/util/HashMap comparableClassFor (Ljava/lang/Object;)Ljava/lang/Class; 2569 1 321 0 -1
ciMethod java/util/HashMap compareComparables (Ljava/lang/Class;Ljava/lang/Object;Ljava/lang/Object;)I 0 0 1 0 -1
ciMethod java/util/HashMap <init> (I)V 89 1 234 0 -1
ciMethod java/util/HashMap <init> ()V 761 1 1928 0 0
ciMethod java/util/HashMap isEmpty ()Z 3561 1 5679 0 64
ciMethod java/util/HashMap get (Ljava/lang/Object;)Ljava/lang/Object; 3377 1 22018 0 704
ciMethod java/util/HashMap getNode (ILjava/lang/Object;)Ljava/util/HashMap$Node; 3937 57 12009 0 576
ciMethod java/util/HashMap put (Ljava/lang/Object;Ljava/lang/Object;)Ljava/lang/Object; 3073 1 5643 0 2240
ciMethod java/util/HashMap putVal (ILjava/lang/Object;Ljava/lang/Object;ZZ)Ljava/lang/Object; 3073 289 5753 0 -1
ciMethodData java/lang/Object <init> ()V 2 141791 orig 264 88 50 254 118 0 0 0 0 104 4 53 28 0 0 0 0 32 1 0 0 0 0 0 0 0 0 0 0 0 0 0 0 0 0 0 0 0 0 0 0 0 0 0 0 0 0 0 0 0 0 0 0 0 0 0 0 0 0 0 0 0 0 0 0 0 0 0 0 0 0 0 0 0 0 0 0 0 0 0 0 77 68 79 32 101 120 116 114 97 32 100 97 116 97 32 108 111 99 107 0 0 0 0 0 0 0 0 0 0 0 0 0 0 0 0 0 0 0 0 0 0 0 0 0 0 0 0 0 0 0 0 0 0 0 0 0 0 0 0 0 0 0 0 0 0 0 0 0 0 0 0 0 0 0 0 0 0 0 0 0 0 0 0 0 0 0 0 0 0 0 0 0 0 0 0 0 0 0 0 0 0 0 0 0 1 0 0 0 0 0 0 0 1 0 0 0 0 0 0 0 1 0 0 0 0 0 0 0 0 0 0 0 0 0 0 0 0 2 0 0 249 62 17 0 1 0 0 0 0 0 0 0 0 0 0 0 2 0 0 0 0 0 3 0 1 0 0 0 0 0 0 0 255 255 255 255 0 0 0 0 0 0 0 0 data 0 oops 0
ciMethod java/util/Iterator hasNext ()Z 0 0 1 0 -1
ciMethod java/util/Iterator next ()Ljava/lang/Object; 0 0 1 0 -1
ciMethod java/lang/Enum compareTo (Ljava/lang/Enum;)I 409 1 1621 0 0
ciMethod java/lang/Enum getDeclaringClass ()Ljava/lang/Class; 0 0 1 0 -1
ciMethod java/util/HashMap$TreeNode root ()Ljava/util/HashMap$TreeNode; 0 0 1 0 0
ciMethod java/util/HashMap$TreeNode find (ILjava/lang/Object;Ljava/lang/Class;)Ljava/util/HashMap$TreeNode; 257 537 611 0 0
ciMethod java/util/HashMap$TreeNode getTreeNode (ILjava/lang/Object;)Ljava/util/HashMap$TreeNode; 209 1 388 0 0
ciMethodData java/lang/String hashCode ()I 2 21248 orig 264 88 50 254 118 0 0 0 0 40 77 53 28 0 0 0 0 152 1 0 0 32 0 0 0 0 0 0 0 0 0 0 0 0 0 0 0 0 0 0 0 0 0 0 0 0 0 0 0 0 0 0 0 0 0 0 0 0 0 0 0 0 0 0 0 0 0 0 0 0 0 0 0 0 0 0 0 0 0 0 0 77 68 79 32 101 120 116 114 97 32 100 97 116 97 32 108 111 99 107 0 0 0 0 0 0 0 0 0 0 0 0 0 0 0 0 0 0 0 0 0 0 0 0 0 0 0 0 0 0 0 0 0 0 0 0 0 0 0 0 0 0 0 0 0 0 0 0 0 0 0 0 0 0 0 0 0 0 0 0 0 0 0 0 0 0 0 0 0 0 0 0 0 0 0 0 0 0 0 0 0 0 0 0 0 0 0 0 0 0 0 0 0 0 0 0 0 0 0 0 0 0 0 0 0 0 0 0 0 0 0 0 0 0 0 0 0 0 16 0 0 57 55 0 0 1 24 2 0 0 0 0 0 0 0 0 0 2 0 0 0 1 0 11 0 2 0 0 0 120 0 0 0 255 255 255 255 7 0 6 0 0 0 0 0 data 15 0x60007 0x432 0x78 0x2b5 0xe0007 0x3 0x58 0x2b2 0x1e0007 0x2b2 0x38 0x42f8 0x2d0003 0x42f8 0xffffffffffffffe0 oops 0
ciMethod java/util/HashSet <init> ()V 41 1 402 0 -1
ciMethodData java/util/HashMap hash (Ljava/lang/Object;)I 2 32160 orig 264 88 50 254 118 0 0 0 0 120 4 67 28 0 0 0 0 176 1 0 0 0 0 0 0 0 0 0 0 0 0 0 0 0 0 0 0 0 0 0 0 0 0 0 0 0 0 0 0 0 0 0 0 0 0 0 0 0 0 0 0 0 0 0 0 0 0 0 0 0 0 0 0 0 0 0 0 0 0 0 0 77 68 79 32 101 120 116 114 97 32 100 97 116 97 32 108 111 99 107 0 0 0 0 0 0 0 0 0 0 0 0 0 0 0 0 0 0 0 0 0 0 0 0 0 0 0 0 0 0 0 0 0 0 0 0 0 0 0 0 0 0 0 0 0 0 0 0 0 0 0 0 0 0 0 0 0 0 0 0 0 0 0 0 0 0 0 0 0 0 0 0 0 0 0 0 0 0 0 0 1 0 0 0 0 17 0 0 0 0 0 0 0 0 0 0 0 0 0 0 0 0 0 0 0 0 0 0 0 0 0 0 0 0 0 0 0 29 1 0 0 17 228 3 0 1 0 0 0 3 60 0 0 0 0 0 0 2 0 0 0 0 0 6 0 2 0 0 0 104 0 0 0 255 255 255 255 7 224 1 0 0 0 0 0 data 13 0x1e007 0x7c2f 0x38 0x54 0x50003 0x54 0x48 0x90005 0x2c8a 0x3365000 0x47c9 0x1ef6c460 0x7dc oops 2 9 java/lang/String 11 java/util/jar/Attributes$Name
ciMethodData java/util/HashMap getNode (ILjava/lang/Object;)Ljava/util/HashMap$Node; 2 12009 orig 264 88 50 254 118 0 0 0 0 176 13 67 28 0 0 0 0 8 4 0 0 96 1 0 0 0 0 0 0 0 0 0 0 0 0 0 0 0 0 0 0 0 0 0 0 0 0 0 0 0 0 0 0 0 0 0 0 0 0 0 0 0 0 0 0 0 0 0 0 0 0 0 0 0 0 0 0 0 0 0 0 77 68 79 32 101 120 116 114 97 32 100 97 116 97 32 108 111 99 107 0 0 0 0 0 0 0 0 0 0 0 0 0 0 0 0 0 0 0 0 0 0 0 0 0 0 0 0 0 0 0 0 0 0 0 0 0 0 0 0 0 0 0 0 0 1 0 0 0 0 0 0 0 0 0 0 0 0 0 0 0 0 0 0 0 0 0 0 0 0 0 0 0 0 0 0 0 0 0 0 2 0 0 0 0 17 0 0 0 0 0 0 0 0 0 0 0 0 0 0 0 1 0 0 0 0 0 0 0 0 0 0 0 0 0 0 0 236 1 0 0 233 103 1 0 185 35 0 0 189 20 0 0 170 0 0 0 2 0 0 0 2 0 45 0 2 0 0 0 176 2 0 0 255 255 255 255 7 0 6 0 0 0 0 0 data 86 0x60007 0x4e1 0x2b0 0x281c 0xe0007 0x0 0x290 0x281c 0x1c0007 0xafc 0x270 0x1d20 0x250007 0x8d4 0xb0 0x144c 0x310007 0x342 0x90 0x110a 0x350007 0x0 0x70 0x110a 0x3b0005 0x62f 0x3365000 0x714 0x1cd43960 0x3c7 0x3e0007 0xc5 0x20 0x1045 0x4c0007 0x364 0x1a0 0x635 0x510004 0xfffffffffffffb4d 0x1ee806e0 0x182 0x1ef6a250 0x1b 0x54e007 0x4b3 0x80 0x184 0x590004 0x0 0x1ee806e0 0x184 0x0 0x0 0x5e0005 0x42 0x1ee806e0 0x142 0x0 0x0 0x680007 0x442 0xb0 0x362 0x740007 0xc0 0x90 0x2a2 0x780007 0x0 0x70 0x2a2 0x7e0005 0x1c6 0x3365000 0xd9 0x1cd43570 0x3 0x810007 0x47 0x20 0x25b 0x8f0007 0x2f1 0xffffffffffffff50 0x198 oops 8 26 java/lang/String 28 java/security/CodeSource 40 java/util/HashMap$TreeNode 42 java/util/HashMap$Node 50 java/util/HashMap$TreeNode 56 java/util/HashMap$TreeNode 74 java/lang/String 76 java/io/File
ciMethodData java/util/HashMap get (Ljava/lang/Object;)Ljava/lang/Object; 2 22018 orig 264 88 50 254 118 0 0 0 0 144 12 67 28 0 0 0 0 200 1 0 0 0 0 0 0 0 0 0 0 0 0 0 0 0 0 0 0 0 0 0 0 0 0 0 0 0 0 0 0 0 0 0 0 0 0 0 0 0 0 0 0 0 0 0 0 0 0 0 0 0 0 0 0 0 0 0 0 0 0 0 0 77 68 79 32 101 120 116 114 97 32 100 97 116 97 32 108 111 99 107 0 0 0 0 0 0 0 0 0 0 0 0 0 0 0 0 0 0 0 0 0 0 0 0 0 0 0 0 0 0 0 0 0 0 0 0 0 0 0 0 0 0 0 0 0 2 0 0 0 0 0 0 0 0 0 0 0 0 0 0 0 0 0 0 0 0 0 0 0 0 0 0 0 0 0 0 0 0 0 0 0 0 0 0 0 0 0 0 0 0 0 0 0 0 0 0 0 0 0 0 0 0 0 0 0 0 0 0 0 0 0 0 0 0 0 0 0 166 1 0 0 225 162 2 0 1 0 0 0 142 44 0 0 0 0 0 0 2 0 0 0 0 0 10 0 2 0 0 0 120 0 0 0 255 255 255 255 2 0 2 0 0 0 0 0 data 15 0x20002 0x545c 0x60005 0x17b 0x1eec4630 0x52e2 0x0 0x0 0xb0007 0x2e70 0x38 0x25ee 0xf0003 0x25ee 0x18 oops 1 4 java/util/HashMap
ciMethodData java/util/HashMap put (Ljava/lang/Object;Ljava/lang/Object;)Ljava/lang/Object; 2 5643 orig 264 88 50 254 118 0 0 0 0 232 14 67 28 0 0 0 0 152 1 0 0 0 0 0 0 0 0 0 0 0 0 0 0 0 0 0 0 0 0 0 0 0 0 0 0 0 0 0 0 0 0 0 0 0 0 0 0 0 0 0 0 0 0 0 0 0 0 0 0 0 0 0 0 0 0 0 0 0 0 0 0 77 68 79 32 101 120 116 114 97 32 100 97 116 97 32 108 111 99 107 0 0 0 0 0 0 0 0 0 0 0 0 0 0 0 0 0 0 0 0 0 0 0 0 0 0 0 0 0 0 0 0 0 0 0 0 0 0 0 0 0 0 0 0 0 0 0 0 0 0 0 0 0 0 0 0 0 0 0 0 0 0 0 0 0 0 0 0 0 0 0 0 0 0 0 0 0 0 0 0 0 0 0 0 0 17 0 0 0 0 0 0 0 0 0 0 0 0 0 0 0 0 0 0 0 0 0 0 0 0 0 0 0 0 0 0 0 128 1 0 0 89 164 0 0 1 0 0 0 0 0 0 0 0 0 0 0 2 0 0 0 0 0 7 0 2 0 0 0 64 0 0 0 255 255 255 255 2 0 2 0 0 0 0 0 data 8 0x20002 0x148b 0x90005 0x37 0x1eec4630 0x1449 0x27f58cc0 0xb oops 2 4 java/util/HashMap 6 java/io/ExpiringCache$1
ciMethodData java/util/ArrayList elementData (I)Ljava/lang/Object; 2 14089 orig 264 88 50 254 118 0 0 0 0 200 132 65 28 0 0 0 0 40 1 0 0 0 0 0 0 0 0 0 0 0 0 0 0 0 0 0 0 0 0 0 0 0 0 0 0 0 0 0 0 0 0 0 0 0 0 0 0 0 0 0 0 0 0 0 0 0 0 0 0 0 0 0 0 0 0 0 0 0 0 0 0 77 68 79 32 101 120 116 114 97 32 100 97 116 97 32 108 111 99 107 0 0 0 0 0 0 0 0 0 0 0 0 0 0 0 0 0 0 0 0 0 0 0 0 0 0 0 0 0 0 0 0 0 0 0 0 0 0 0 0 0 0 0 0 0 0 0 0 0 0 0 0 0 0 0 0 0 0 0 0 0 0 0 0 0 0 0 0 0 0 0 0 0 0 0 0 0 0 0 0 0 0 0 0 0 0 0 0 0 0 0 0 0 0 0 0 0 0 0 0 0 0 0 0 0 0 0 0 0 0 0 0 0 0 0 0 0 10 1 0 0 249 175 1 0 1 0 0 0 0 0 0 0 0 0 0 0 2 0 0 0 0 0 3 0 1 0 0 0 0 0 0 0 255 255 255 255 0 0 0 0 0 0 0 0 data 0 oops 0
ciMethodData java/util/HashMap <init> ()V 2 1945 orig 264 88 50 254 118 0 0 0 0 248 8 67 28 0 0 0 0 48 1 0 0 0 0 0 0 0 0 0 0 0 0 0 0 0 0 0 0 0 0 0 0 0 0 0 0 0 0 0 0 0 0 0 0 0 0 0 0 0 0 0 0 0 0 0 0 0 0 0 0 0 0 0 0 0 0 0 0 0 0 0 0 77 68 79 32 101 120 116 114 97 32 100 97 116 97 32 108 111 99 107 0 0 0 0 0 0 0 0 0 0 0 0 0 0 0 0 0 0 0 0 0 0 0 0 0 0 0 0 0 0 0 0 0 0 0 0 0 0 0 0 0 0 0 0 0 0 0 0 0 0 0 0 0 0 0 0 0 0 0 0 0 0 0 0 0 0 0 0 0 0 0 0 0 0 0 0 0 0 0 0 0 0 0 0 0 0 0 0 0 0 0 0 0 0 0 0 0 0 0 0 0 0 0 0 0 0 0 0 0 0 0 0 0 0 0 0 0 95 0 0 0 209 57 0 0 1 0 0 0 0 0 0 0 0 0 0 0 2 0 0 0 0 0 3 0 2 0 0 0 16 0 0 0 255 255 255 255 2 0 1 0 0 0 0 0 data 2 0x10002 0x73a oops 0
ciMethodData java/util/AbstractMap <init> ()V 2 2837 orig 264 88 50 254 118 0 0 0 0 40 86 66 28 0 0 0 0 48 1 0 0 0 0 0 0 0 0 0 0 0 0 0 0 0 0 0 0 0 0 0 0 0 0 0 0 0 0 0 0 0 0 0 0 0 0 0 0 0 0 0 0 0 0 0 0 0 0 0 0 0 0 0 0 0 0 0 0 0 0 0 0 77 68 79 32 101 120 116 114 97 32 100 97 116 97 32 108 111 99 107 0 0 0 0 0 0 0 0 0 0 0 0 0 0 0 0 0 0 0 0 0 0 0 0 0 0 0 0 0 0 0 0 0 0 0 0 0 0 0 0 0 0 0 0 0 0 0 0 0 0 0 0 0 0 0 0 0 0 0 0 0 0 0 0 0 0 0 0 0 0 0 0 0 0 0 0 0 0 0 0 0 0 0 0 0 0 0 0 0 0 0 0 0 0 0 0 0 0 0 0 0 0 0 0 0 0 0 0 0 0 0 0 0 0 0 0 0 131 0 0 0 145 84 0 0 1 0 0 0 0 0 0 0 0 0 0 0 2 0 0 0 0 0 3 0 2 0 0 0 16 0 0 0 255 255 255 255 2 0 1 0 0 0 0 0 data 2 0x10002 0xa92 oops 0
ciMethod com/sun/javafx/css/StyleManager getErrors ()Ljavafx/collections/ObservableList; 137 1 398 0 0
ciMethod javafx/beans/value/WritableValue getValue ()Ljava/lang/Object; 0 0 1 0 -1
ciMethod javafx/beans/value/ObservableObjectValue get ()Ljava/lang/Object; 0 0 1 0 -1
ciMethod javafx/collections/ObservableList get (I)Ljava/lang/Object; 0 0 1 0 -1
ciMethod javafx/collections/ObservableList size ()I 0 0 1 0 -1
ciMethod javafx/css/Styleable getStyleableParent ()Ljavafx/css/Styleable; 0 0 1 0 -1
ciMethod javafx/css/Styleable getPseudoClassStates ()Ljavafx/collections/ObservableSet; 0 0 1 0 -1
ciMethod javafx/css/StyleableProperty getStyleOrigin ()Ljavafx/css/StyleOrigin; 0 0 1 0 -1
ciMethod javafx/beans/property/SimpleObjectProperty <init> (Ljava/lang/Object;)V 2049 1 285 0 -1
ciMethod com/sun/javafx/css/PseudoClassState containsAll (Ljava/util/Collection;)Z 4097 1 2208 0 0
ciMethod com/sun/javafx/css/PseudoClassState iterator ()Ljava/util/Iterator; 3889 1 592 0 0
ciMethod com/sun/javafx/css/BitSet iterator ()Ljava/util/Iterator; 3889 1 592 0 0
ciMethod com/sun/javafx/css/BitSet containsAll (Ljava/util/Collection;)Z 3561 17 5711 0 384
ciMethod javafx/scene/text/Font getDefault ()Ljavafx/scene/text/Font; 2361 1 491 0 -1
ciMethod javafx/scene/text/Font getSize ()D 2329 1 765 0 -1
ciMethod javafx/scene/layout/Background <init> ([Ljavafx/scene/layout/BackgroundFill;[Ljavafx/scene/layout/BackgroundImage;)V 545 1065 60 0 -1
ciMethod com/sun/javafx/css/Selector getRule ()Lcom/sun/javafx/css/Rule; 57 1 7 0 -1
ciMethod com/sun/javafx/css/Selector createMatch ()Lcom/sun/javafx/css/Match; 0 0 1 0 -1
ciMethod com/sun/javafx/css/Selector stateMatches (Ljavafx/css/Styleable;Ljava/util/Set;)Z 0 0 1 0 -1
ciMethod javafx/css/CssMetaData getStyleableProperty (Ljavafx/css/Styleable;)Ljavafx/css/StyleableProperty; 0 0 1 0 -1
ciMethod javafx/css/CssMetaData getProperty ()Ljava/lang/String; 5529 1 691 0 0
ciMethod javafx/css/CssMetaData getConverter ()Ljavafx/css/StyleConverter; 1137 1 142 0 0
ciMethod javafx/css/CssMetaData getSubProperties ()Ljava/util/List; 1265 1 158 0 0
ciMethod javafx/css/CssMetaData isInherits ()Z 1153 1 144 0 0
ciMethodData java/util/ArrayList isEmpty ()Z 2 5681 orig 264 88 50 254 118 0 0 0 0 216 127 65 28 0 0 0 0 88 1 0 0 0 0 0 0 0 0 0 0 0 0 0 0 0 0 0 0 0 0 0 0 0 0 0 0 0 0 0 0 0 0 0 0 0 0 0 0 0 0 0 0 0 0 0 0 0 0 0 0 0 0 0 0 0 0 0 0 0 0 0 0 77 68 79 32 101 120 116 114 97 32 100 97 116 97 32 108 111 99 107 0 0 0 0 0 0 0 0 0 0 0 0 0 0 0 0 0 0 0 0 0 0 0 0 0 0 0 0 0 0 0 0 0 0 0 0 0 0 0 0 0 0 0 0 0 0 0 0 0 0 0 0 0 0 0 0 0 0 0 0 0 0 0 0 0 0 0 0 0 0 0 0 0 0 0 0 0 0 0 0 0 0 0 0 0 0 0 0 0 0 0 0 0 0 0 0 0 0 0 0 0 0 0 0 0 0 0 0 0 0 0 0 0 0 0 0 0 0 2 0 0 137 161 0 0 1 0 0 0 0 0 0 0 0 0 0 0 2 0 0 0 0 0 6 0 2 0 0 0 56 0 0 0 255 255 255 255 7 0 4 0 0 0 0 0 data 7 0x40007 0x13e4 0x38 0x4d 0x80003 0x4d 0x18 oops 0
ciMethodData java/util/HashMap$TreeNode getTreeNode (ILjava/lang/Object;)Ljava/util/HashMap$TreeNode; 1 388 orig 264 88 50 254 118 0 0 0 0 248 236 80 28 0 0 0 0 240 1 0 0 80 0 0 0 0 0 0 0 0 0 0 0 0 0 0 0 0 0 0 0 0 0 0 0 0 0 0 0 0 0 0 0 0 0 0 0 0 0 0 0 0 0 0 0 0 0 0 0 0 0 0 0 0 0 0 0 0 0 0 0 77 68 79 32 101 120 116 114 97 32 100 97 116 97 32 108 111 99 107 0 0 0 0 0 0 0 0 0 0 0 0 0 0 0 0 0 0 0 0 0 0 0 0 0 0 0 0 0 0 0 0 0 0 0 0 0 0 0 0 0 0 0 0 0 0 0 0 0 0 0 0 0 0 0 0 0 0 0 0 0 0 0 0 0 0 0 0 0 0 0 0 0 0 0 0 0 0 0 0 0 0 0 0 0 0 0 0 0 0 0 0 0 0 0 0 0 0 0 0 0 0 0 0 0 0 0 0 0 0 0 0 0 0 0 0 0 26 0 0 0 81 11 0 0 1 0 0 0 0 0 0 0 0 0 0 0 2 0 0 0 0 0 0 0 0 0 0 0 152 0 0 0 255 255 255 255 7 0 4 0 0 0 0 0 data 19 0x40007 0x16a 0x68 0x0 0x80005 0x0 0x0 0x0 0x0 0x0 0xb0003 0x0 0x18 0x120005 0x28 0x1ee806e0 0x142 0x0 0x0 oops 1 15 java/util/HashMap$TreeNode
ciMethodData java/util/HashMap$TreeNode root ()Ljava/util/HashMap$TreeNode; 1 0 orig 264 88 50 254 118 0 0 0 0 24 234 80 28 0 0 0 0 88 1 0 0 0 0 0 0 0 0 0 0 0 0 0 0 0 0 0 0 0 0 0 0 0 0 0 0 0 0 0 0 0 0 0 0 0 0 0 0 0 0 0 0 0 0 0 0 0 0 0 0 0 0 0 0 0 0 0 0 0 0 0 0 77 68 79 32 101 120 116 114 97 32 100 97 116 97 32 108 111 99 107 0 0 0 0 0 0 0 0 0 0 0 0 0 0 0 0 0 0 0 0 0 0 0 0 0 0 0 0 0 0 0 0 0 0 0 0 0 0 0 0 0 0 0 0 0 0 0 0 0 0 0 0 0 0 0 0 0 0 0 0 0 0 0 0 0 0 0 0 0 0 0 0 0 0 0 0 0 0 0 0 0 0 0 0 0 1 0 0 0 0 0 0 0 0 0 0 0 0 0 0 0 1 0 0 0 0 0 0 0 1 0 0 0 0 0 0 0 0 0 0 0 1 0 0 0 1 0 0 0 0 0 0 0 0 0 0 0 2 0 0 0 0 0 0 0 0 0 0 0 56 0 0 0 255 255 255 255 7 0 8 0 0 0 0 0 data 7 0x80007 0x0 0x20 0x0 0xf0003 0x0 0xffffffffffffffe0 oops 0
ciMethodData java/util/HashMap$TreeNode find (ILjava/lang/Object;Ljava/lang/Class;)Ljava/util/HashMap$TreeNode; 1 1447 orig 264 88 50 254 118 0 0 0 0 88 236 80 28 0 0 0 0 16 4 0 0 112 2 0 0 0 0 0 0 0 0 0 0 0 0 0 0 0 0 0 0 0 0 0 0 0 0 0 0 0 0 0 0 0 0 0 0 0 0 0 0 0 0 0 0 0 0 0 0 0 0 0 0 0 0 0 0 0 0 0 0 77 68 79 32 101 120 116 114 97 32 100 97 116 97 32 108 111 99 107 0 0 0 0 0 0 0 0 0 0 0 0 0 0 0 0 0 0 0 0 0 0 0 0 0 0 0 0 0 0 0 0 0 0 0 0 0 0 0 0 0 0 0 0 0 0 0 0 0 0 0 0 0 0 0 0 0 0 0 0 0 0 0 0 0 0 0 0 0 0 0 0 0 0 0 0 0 0 0 0 0 0 0 0 0 0 0 0 0 0 0 0 0 0 0 0 0 0 0 0 0 0 0 0 0 0 0 0 0 0 0 0 0 0 0 0 0 67 0 0 0 25 18 0 0 33 43 0 0 0 0 0 0 0 0 0 0 2 0 0 0 0 0 0 0 0 0 0 0 176 2 0 0 255 255 255 255 7 0 26 0 0 0 0 0 data 86 0x1a0007 0x51e 0x38 0x289 0x210003 0x289 0x270 0x270007 0x16b 0x38 0x3b3 0x2e0003 0x3b3 0x238 0x3a0007 0x0 0x90 0x16b 0x3e0007 0x0 0x70 0x16b 0x440005 0x0 0x1ef02a60 0x16b 0x0 0x0 0x470007 0xab 0x20 0xc0 0x4f0007 0x87 0x38 0x24 0x560003 0x24 0x170 0x5b0007 0x6f 0x38 0x18 0x620003 0x18 0x138 0x660007 0x0 0x50 0x6f 0x6a0002 0x6f 0x6f0007 0x6f 0xa0 0x0 0x760002 0x0 0x7c0007 0x0 0x70 0x0 0x810007 0x0 0x38 0x0 0x860003 0x0 0x18 0x8d0003 0x0 0x68 0x950005 0x6f 0x0 0x0 0x0 0x0 0x9b0007 0x57 0x20 0x18 0xa70007 0x564 0xfffffffffffffd70 0x16b oops 1 24 com/sun/javafx/css/SelectorPartitioning$PartitionKey
ciMethodData java/util/Collections$UnmodifiableCollection size ()I 2 4825 orig 264 88 50 254 118 0 0 0 0 160 132 66 28 0 0 0 0 120 1 0 0 0 0 0 0 0 0 0 0 0 0 0 0 0 0 0 0 0 0 0 0 0 0 0 0 0 0 0 0 0 0 0 0 0 0 0 0 0 0 0 0 0 0 0 0 0 0 0 0 0 0 0 0 0 0 0 0 0 0 0 0 77 68 79 32 101 120 116 114 97 32 100 97 116 97 32 108 111 99 107 0 0 0 0 0 0 0 0 0 0 0 0 0 0 0 0 0 0 0 0 0 0 0 0 0 0 0 0 0 0 0 0 0 0 0 0 0 0 0 0 0 0 0 0 0 0 0 0 0 0 0 0 0 0 0 0 0 0 0 0 0 0 0 0 0 0 0 0 0 0 0 0 0 0 0 0 0 0 0 0 0 0 0 0 0 0 0 0 0 0 0 0 0 0 0 0 0 0 0 0 0 0 0 0 0 0 0 0 0 0 0 0 0 0 0 0 0 0 2 0 0 201 134 0 0 1 0 0 0 0 0 0 0 0 0 0 0 2 0 0 0 0 0 3 0 2 0 0 0 48 0 0 0 255 255 255 255 5 0 4 0 0 0 0 0 data 6 0x40005 0xd8 0x1ecf0c90 0xf35 0x1ffd2ba0 0xcc oops 2 2 java/util/ArrayList 4 java/util/Arrays$ArrayList
ciMethodData java/util/Collections$UnmodifiableList get (I)Ljava/lang/Object; 2 5827 orig 264 88 50 254 118 0 0 0 0 32 119 66 28 0 0 0 0 128 1 0 0 0 0 0 0 0 0 0 0 0 0 0 0 0 0 0 0 0 0 0 0 0 0 0 0 0 0 0 0 0 0 0 0 0 0 0 0 0 0 0 0 0 0 0 0 0 0 0 0 0 0 0 0 0 0 0 0 0 0 0 0 77 68 79 32 101 120 116 114 97 32 100 97 116 97 32 108 111 99 107 0 0 0 0 0 0 0 0 0 0 0 0 0 0 0 0 0 0 0 0 0 0 0 0 0 0 0 0 0 0 0 0 0 0 0 0 0 0 0 0 0 0 0 0 0 0 0 0 0 0 0 0 0 0 0 0 0 0 0 0 0 0 0 0 0 0 0 0 0 0 0 0 0 0 0 0 0 0 0 0 0 0 0 0 0 0 0 0 0 0 0 0 0 0 0 0 0 0 0 0 0 0 0 0 0 0 0 0 0 0 0 0 0 0 0 0 0 0 2 0 0 25 166 0 0 1 0 0 0 0 0 0 0 0 0 0 0 2 0 0 0 0 0 3 0 2 0 0 0 48 0 0 0 255 255 255 255 5 0 5 0 0 0 0 0 data 6 0x50005 0x17d 0x1ecf0c90 0x1247 0x1ffd2ba0 0xff oops 2 2 java/util/ArrayList 4 java/util/Arrays$ArrayList
ciMethod com/sun/javafx/css/Stylesheet getOrigin ()Ljavafx/css/StyleOrigin; 1137 1 142 0 0
ciMethod com/sun/javafx/css/Rule getDeclarations ()Ljavafx/collections/ObservableList; 753 1 344 0 -1
ciMethod com/sun/javafx/css/Rule getOrigin ()Ljavafx/css/StyleOrigin; 689 1 2248 0 0
ciMethod com/sun/javafx/css/CompoundSelector stateMatches (Ljavafx/css/Styleable;Ljava/util/Set;)Z 2113 1 834 0 0
ciMethod com/sun/javafx/css/CompoundSelector stateMatches (Ljavafx/css/Styleable;Ljava/util/Set;I)Z 3121 1 1332 0 0
ciMethod com/sun/javafx/css/SimpleSelector applies (Ljavafx/css/Styleable;)Z 3977 2665 5921 0 -1
ciMethod com/sun/javafx/css/SimpleSelector stateMatches (Ljavafx/css/Styleable;Ljava/util/Set;)Z 4097 1 2727 0 0
ciMethod com/sun/javafx/css/StyleConverterImpl convert (Ljava/util/Map;)Ljava/lang/Object; 0 0 1 0 -1
ciMethod javafx/css/StyleConverter convert (Ljavafx/css/ParsedValue;Ljavafx/scene/text/Font;)Ljava/lang/Object; 0 0 1 0 -1
ciMethod javafx/css/StyleConverter getInsetsConverter ()Ljavafx/css/StyleConverter; 2209 1 276 0 -1
ciMethod sun/util/logging/PlatformLogger isLoggable (Lsun/util/logging/PlatformLogger$Level;)Z 153 1 598 0 0
ciMethod sun/util/logging/PlatformLogger warning (Ljava/lang/String;)V 0 0 1 0 0
ciMethod sun/util/logging/PlatformLogger fine (Ljava/lang/String;Ljava/lang/Throwable;)V 0 0 1 0 0
ciMethod sun/util/logging/PlatformLogger$LoggerProxy doLog (Lsun/util/logging/PlatformLogger$Level;Ljava/lang/String;)V 0 0 1 0 -1
ciMethod sun/util/logging/PlatformLogger$LoggerProxy doLog (Lsun/util/logging/PlatformLogger$Level;Ljava/lang/String;Ljava/lang/Throwable;)V 0 0 1 0 -1
ciMethod sun/util/logging/PlatformLogger$LoggerProxy isLoggable (Lsun/util/logging/PlatformLogger$Level;)Z 0 0 1 0 -1
ciMethod sun/util/logging/PlatformLogger$JavaLoggerProxy isLoggable (Lsun/util/logging/PlatformLogger$Level;)Z 0 0 1 0 -1
ciMethod javafx/scene/CssStyleHelper getStyleMap (Ljavafx/css/Styleable;)Lcom/sun/javafx/css/StyleMap; 4081 1 3907 0 -1
ciMethod javafx/scene/CssStyleHelper getStyle (Ljavafx/css/Styleable;Ljava/lang/String;Lcom/sun/javafx/css/StyleMap;Ljava/util/Set;)Lcom/sun/javafx/css/CascadingStyle; 2593 25 9668 0 0
ciMethod javafx/scene/CssStyleHelper lookup (Ljavafx/css/Styleable;Ljavafx/css/CssMetaData;Lcom/sun/javafx/css/StyleMap;Ljava/util/Set;Ljavafx/css/Styleable;Lcom/sun/javafx/css/CalculatedValue;)Lcom/sun/javafx/css/CalculatedValue; 3209 897 5538 0 -1
ciMethod javafx/scene/CssStyleHelper handleNoStyleFound (Ljavafx/css/Styleable;Ljavafx/css/CssMetaData;Lcom/sun/javafx/css/StyleMap;Ljava/util/Set;Ljavafx/css/Styleable;Lcom/sun/javafx/css/CalculatedValue;)Lcom/sun/javafx/css/CalculatedValue; 3193 1 5162 0 0
ciMethod javafx/scene/CssStyleHelper getInheritedStyle (Ljavafx/css/Styleable;Ljava/lang/String;)Lcom/sun/javafx/css/CascadingStyle; 17 1 8 0 0
ciMethod javafx/scene/CssStyleHelper resolveLookups (Ljavafx/css/Styleable;Lcom/sun/javafx/css/ParsedValueImpl;Lcom/sun/javafx/css/StyleMap;Ljava/util/Set;Ljavafx/beans/property/ObjectProperty;Ljava/util/Set;)Lcom/sun/javafx/css/ParsedValueImpl; 2393 1617 5751 0 -1
ciMethod javafx/scene/CssStyleHelper formatUnresolvedLookupMessage (Ljavafx/css/Styleable;Ljavafx/css/CssMetaData;Lcom/sun/javafx/css/Style;Lcom/sun/javafx/css/ParsedValueImpl;Ljava/lang/ClassCastException;)Ljava/lang/String; 0 0 1 0 -1
ciMethod javafx/scene/CssStyleHelper formatExceptionMessage (Ljavafx/css/Styleable;Ljavafx/css/CssMetaData;Lcom/sun/javafx/css/Style;Ljava/lang/Exception;)Ljava/lang/String; 0 0 1 0 0
ciMethod javafx/scene/CssStyleHelper calculateValue (Lcom/sun/javafx/css/CascadingStyle;Ljavafx/css/Styleable;Ljavafx/css/CssMetaData;Lcom/sun/javafx/css/StyleMap;Ljava/util/Set;Ljavafx/css/Styleable;Lcom/sun/javafx/css/CalculatedValue;)Lcom/sun/javafx/css/CalculatedValue; 113 1 268 0 -1
ciMethod javafx/scene/CssStyleHelper getCachedFont (Ljavafx/css/Styleable;)Lcom/sun/javafx/css/CalculatedValue; 3137 1 489 0 -1
ciMethod javafx/scene/CssStyleHelper getFontPosture (Ljavafx/scene/text/Font;)Ljavafx/scene/text/FontPosture; 105 1 13 0 -1
ciMethod javafx/scene/CssStyleHelper getFontWeight (Ljavafx/scene/text/Font;)Ljavafx/scene/text/FontWeight; 105 1 13 0 -1
ciMethod javafx/scene/CssStyleHelper getFontFamily (Ljavafx/scene/text/Font;)Ljava/lang/String; 105 1 13 0 -1
ciMethod javafx/scene/CssStyleHelper deriveFont (Ljavafx/scene/text/Font;Ljava/lang/String;Ljavafx/scene/text/FontWeight;Ljavafx/scene/text/FontPosture;D)Ljavafx/scene/text/Font; 0 0 1 0 -1
ciMethod javafx/scene/CssStyleHelper lookupFont (Ljavafx/css/Styleable;Ljava/lang/String;Lcom/sun/javafx/css/StyleMap;Lcom/sun/javafx/css/CalculatedValue;)Lcom/sun/javafx/css/CalculatedValue; 113 441 173 0 0
ciMethod javafx/scene/CssStyleHelper lookupInheritedFontProperty (Ljavafx/css/Styleable;Ljava/lang/String;Lcom/sun/javafx/css/StyleMap;ILcom/sun/javafx/css/CascadingStyle;)Lcom/sun/javafx/css/CascadingStyle; 1713 8441 350 0 -1
ciMethod javafx/css/ParsedValue getValue ()Ljava/lang/Object; 1945 1 243 0 0
ciMethod javafx/css/ParsedValue getConverter ()Ljavafx/css/StyleConverter; 1161 1 145 0 -1
ciMethod com/sun/javafx/css/ParsedValueImpl containsFontRelativeSize (Ljavafx/css/ParsedValue;Z)Z 3089 2937 5540 0 -1
ciMethod com/sun/javafx/css/ParsedValueImpl <init> (Ljava/lang/Object;Ljavafx/css/StyleConverter;Z)V 2201 1 3228 0 -1
ciMethod com/sun/javafx/css/ParsedValueImpl convert (Ljavafx/scene/text/Font;)Ljava/lang/Object; 3265 1 5495 0 -1
ciMethod com/sun/javafx/css/converters/FontConverter getInstance ()Ljavafx/css/StyleConverter; 3097 1 5571 0 0
ciMethod com/sun/javafx/css/StyleMap isEmpty ()Z 2177 1 5574 0 192
ciMethod com/sun/javafx/css/StyleMap getCascadingStyles ()Ljava/util/Map; 2593 1169 8515 0 -1
ciMethod com/sun/javafx/css/CascadingStyle getStyle ()Lcom/sun/javafx/css/Style; 0 0 1 0 -1
ciMethod com/sun/javafx/css/CascadingStyle <init> (Lcom/sun/javafx/css/Style;Ljava/util/Set;II)V 697 1 263 0 -1
ciMethod com/sun/javafx/css/CascadingStyle getProperty ()Ljava/lang/String; 4097 1 3423 0 -1
ciMethod com/sun/javafx/css/CascadingStyle getSelector ()Lcom/sun/javafx/css/Selector; 153 1 2223 0 0
ciMethod com/sun/javafx/css/CascadingStyle getRule ()Lcom/sun/javafx/css/Rule; 577 1 1958 0 0
ciMethod com/sun/javafx/css/CascadingStyle getOrigin ()Ljavafx/css/StyleOrigin; 577 1 1934 0 0
ciMethod com/sun/javafx/css/CascadingStyle getParsedValueImpl ()Lcom/sun/javafx/css/ParsedValueImpl; 897 1 3310 0 0
ciMethod com/sun/javafx/css/CascadingStyle compareTo (Lcom/sun/javafx/css/CascadingStyle;)I 105 1 144 0 -1
ciMethod javafx/scene/CssStyleHelper$CacheContainer access$300 (Ljavafx/scene/CssStyleHelper$CacheContainer;)Ljavafx/css/CssMetaData; 1057 1 132 0 -1
ciMethod javafx/scene/layout/BackgroundConverter convert (Ljava/util/Map;)Ljavafx/scene/layout/Background; 537 1065 59 0 0
ciMethod javafx/scene/layout/BackgroundConverter convert (Ljava/util/Map;)Ljava/lang/Object; 537 1 59 0 0
ciMethodData com/sun/javafx/css/BitSet containsAll (Ljava/util/Collection;)Z 2 5711 orig 264 88 50 254 118 0 0 0 0 184 38 153 28 0 0 0 0 216 2 0 0 16 1 0 0 0 0 0 0 0 0 0 0 0 0 0 0 0 0 0 0 0 0 0 0 0 0 0 0 0 0 0 0 0 0 0 0 0 0 0 0 0 0 0 0 0 0 0 0 0 0 0 0 0 0 0 0 0 0 0 0 77 68 79 32 101 120 116 114 97 32 100 97 116 97 32 108 111 99 107 0 0 0 0 0 0 0 0 0 0 0 0 0 0 0 0 0 0 0 0 0 0 0 0 0 0 0 0 0 0 0 0 0 0 0 0 0 0 0 0 0 0 0 0 0 0 0 0 0 0 0 0 0 0 0 0 0 0 0 0 0 0 0 0 0 0 0 0 0 0 0 0 0 0 0 0 0 0 0 0 0 0 0 0 0 0 0 0 0 0 0 0 0 0 0 0 0 0 0 0 0 0 0 0 0 0 0 0 0 0 0 0 0 0 0 0 0 179 1 0 0 145 164 0 0 225 72 0 0 0 0 0 0 0 0 0 0 2 0 0 0 1 0 20 0 2 0 0 0 136 1 0 0 255 255 255 255 7 0 1 0 0 0 0 0 data 49 0x10007 0x0 0xa0 0x1492 0x50005 0xcf 0x1ffcf220 0x1346 0x1efca020 0x7d 0x90005 0xcf 0x1ffcf220 0x1346 0x1efca020 0x7d 0xc0007 0x1492 0x20 0x0 0x120004 0x0 0x1ffcf220 0x1415 0x1efca020 0x7d 0x1b0007 0x10fe 0x40 0x394 0x230007 0x32e 0x20 0x66 0x320007 0x841 0x20 0xbeb 0x430007 0x2c3 0x58 0xe9a 0x5a0007 0x91c 0x20 0x57e 0x620003 0x91c 0xffffffffffffffc0 oops 6 6 com/sun/javafx/css/StyleClassSet 8 com/sun/javafx/css/PseudoClassState 12 com/sun/javafx/css/StyleClassSet 14 com/sun/javafx/css/PseudoClassState 22 com/sun/javafx/css/StyleClassSet 24 com/sun/javafx/css/PseudoClassState
ciMethod java/util/ArrayList$SubList get (I)Ljava/lang/Object; 4097 1 2224 0 0
ciMethod java/util/ArrayList$SubList size ()I 4097 1 3074 0 0
ciMethod java/util/ArrayList$SubList rangeCheck (I)V 4097 1 2224 0 0
ciMethod java/util/ArrayList$SubList checkForComodification ()V 3545 1 5318 0 0
ciMethod com/sun/javafx/css/CalculatedValue <init> (Ljava/lang/Object;Ljavafx/css/StyleOrigin;Z)V 249 1 511 0 0
ciMethod com/sun/javafx/css/CalculatedValue getValue ()Ljava/lang/Object; 1249 1 156 0 0
ciMethod com/sun/javafx/css/CalculatedValue getOrigin ()Ljavafx/css/StyleOrigin; 1153 1 144 0 0
ciMethod com/sun/javafx/css/CalculatedValue isRelative ()Z 1049 1 131 0 0
ciMethod com/sun/javafx/css/CalculatedValue equals (Ljava/lang/Object;)Z 0 0 1 0 -1
ciMethod com/sun/javafx/css/Declaration getParsedValueImpl ()Lcom/sun/javafx/css/ParsedValueImpl; 1169 1 146 0 0
ciMethod com/sun/javafx/css/Declaration getRule ()Lcom/sun/javafx/css/Rule; 1137 1 142 0 0
ciMethod com/sun/javafx/css/Style getSelector ()Lcom/sun/javafx/css/Selector; 161 1 20 0 0
ciMethod com/sun/javafx/css/Style getDeclaration ()Lcom/sun/javafx/css/Declaration; 6305 1 788 0 0
ciMethod com/sun/javafx/css/Style <init> (Lcom/sun/javafx/css/Selector;Lcom/sun/javafx/css/Declaration;)V 697 1 263 0 -1
ciMethod javafx/scene/layout/BackgroundFill <init> (Ljavafx/scene/paint/Paint;Ljavafx/scene/layout/CornerRadii;Ljavafx/geometry/Insets;)V 1065 1 124 0 -1
ciMethodData java/util/HashMap isEmpty ()Z 2 5679 orig 264 88 50 254 118 0 0 0 0 232 11 67 28 0 0 0 0 88 1 0 0 0 0 0 0 0 0 0 0 0 0 0 0 0 0 0 0 0 0 0 0 0 0 0 0 0 0 0 0 0 0 0 0 0 0 0 0 0 0 0 0 0 0 0 0 0 0 0 0 0 0 0 0 0 0 0 0 0 0 0 0 77 68 79 32 101 120 116 114 97 32 100 97 116 97 32 108 111 99 107 0 0 0 0 0 0 0 0 0 0 0 0 0 0 0 0 0 0 0 0 0 0 0 0 0 0 0 0 0 0 0 0 0 0 0 0 0 0 0 0 0 0 0 0 0 0 0 0 0 0 0 0 0 0 0 0 0 0 0 0 0 0 0 0 0 0 0 0 0 0 0 0 0 0 0 0 0 0 0 0 0 0 0 0 0 0 0 0 0 0 0 0 0 0 0 0 0 0 0 0 0 0 0 0 0 0 0 0 0 0 0 0 0 0 0 0 0 187 1 0 0 145 163 0 0 1 0 0 0 0 0 0 0 0 0 0 0 2 0 0 0 0 0 6 0 2 0 0 0 56 0 0 0 255 255 255 255 7 0 4 0 0 0 0 0 data 7 0x40007 0x146d 0x38 0x4 0x80003 0x4 0x18 oops 0
ciMethodData com/sun/javafx/css/StyleMap isEmpty ()Z 2 5574 orig 264 88 50 254 118 0 0 0 0 80 211 48 37 0 0 0 0 232 1 0 0 32 0 0 0 0 0 0 0 0 0 0 0 0 0 0 0 0 0 0 0 0 0 0 0 0 0 0 0 0 0 0 0 0 0 0 0 0 0 0 0 0 0 0 0 0 0 0 0 0 0 0 0 0 0 0 0 0 0 0 0 77 68 79 32 101 120 116 114 97 32 100 97 116 97 32 108 111 99 107 0 0 0 0 0 0 0 0 0 0 0 0 0 0 0 0 0 0 0 0 0 0 0 0 0 0 0 0 0 0 0 0 0 0 0 0 0 0 0 0 0 0 0 0 0 0 0 0 0 0 0 0 0 0 0 0 0 0 0 0 0 0 0 0 0 0 0 0 0 0 0 0 0 0 0 0 0 0 0 0 0 0 0 0 0 0 0 0 0 0 0 0 0 0 0 0 0 0 0 0 0 0 0 0 0 0 0 0 0 0 0 0 0 0 0 0 0 16 1 0 0 177 165 0 0 1 0 0 0 0 0 0 0 0 0 0 0 2 0 0 0 0 0 7 0 2 0 0 0 160 0 0 0 255 255 255 255 7 0 4 0 0 0 0 0 data 20 0x40007 0x1443 0x50 0x73 0xb0005 0x0 0x1ecf0c90 0x37 0x1ecf0d40 0x3c 0x150007 0x0 0x50 0x1443 0x1c0005 0x0 0x1eec4630 0x1443 0x0 0x0 oops 3 6 java/util/ArrayList 8 java/util/Collections$EmptyList 16 java/util/HashMap
ciMethodData javafx/scene/CssStyleHelper getStyle (Ljavafx/css/Styleable;Ljava/lang/String;Lcom/sun/javafx/css/StyleMap;Ljava/util/Set;)Lcom/sun/javafx/css/CascadingStyle; 2 9982 orig 264 88 50 254 118 0 0 0 0 48 151 45 37 0 0 0 0 80 5 0 0 80 0 0 0 0 0 0 0 0 0 0 0 0 0 0 0 0 0 0 0 0 0 0 0 0 0 0 0 0 0 0 0 0 0 0 0 0 0 0 0 0 0 0 0 0 0 0 0 0 0 0 0 0 0 0 0 0 0 0 0 77 68 79 32 101 120 116 114 97 32 100 97 116 97 32 108 111 99 107 0 0 0 0 0 0 0 0 0 0 0 0 0 0 0 0 0 0 0 0 0 0 0 0 0 0 0 0 0 0 0 0 0 0 0 0 0 0 0 0 0 0 0 0 0 1 0 0 0 0 0 0 0 0 0 0 0 0 0 0 0 0 0 0 0 0 0 0 0 0 0 0 0 0 0 0 0 0 0 0 1 0 0 0 0 0 0 0 0 0 0 0 0 0 0 0 0 0 0 0 0 0 0 0 0 0 0 0 0 0 0 0 0 0 0 0 0 68 1 0 0 209 45 1 0 33 29 0 0 255 31 0 0 134 3 0 0 2 0 0 0 1 0 33 0 2 0 0 0 232 3 0 0 255 255 255 255 7 0 1 0 0 0 0 0 data 125 0x10007 0x0 0x70 0x25ba 0x50005 0x4e 0x1eec31a0 0x256c 0x0 0x0 0x8e007 0x25b4 0x20 0x7 0xe0005 0x48 0x1eec31a0 0x256c 0x0 0x0 0x150007 0x0 0x70 0x25b3 0x1a0005 0x0 0x1eec4630 0x25b3 0x0 0x0 0x1f0007 0x25b3 0x20 0x0 0x270005 0x0 0x1eec4630 0x25b3 0x0 0x0 0x2c0104 0x0 0x1fd5b940 0x5e3 0x0 0x0 0x330007 0x1fd0 0x70 0x5e3 0x380005 0x0 0x1fd5b940 0x5e3 0x0 0x0 0x3d0007 0x5e3 0x20 0x0 0x470007 0x5e3 0x38 0x0 0x4b0003 0x0 0x48 0x500005 0x0 0x1fd5b940 0x5e3 0x0 0x0 0x5e0007 0xeb 0x1a0 0x89c 0x650005 0x0 0x1fd5b940 0x89c 0x0 0x0 0x6a0004 0x0 0x1eec48f0 0x89c 0x0 0x0 0x710007 0x89c 0x38 0x0 0x750003 0x0 0x48 0x7a0005 0x0 0x1eec48f0 0x89c 0x0 0x0 0x810007 0x89c 0x38 0x0 0x840003 0x0 0x80 0x8c0005 0x0 0x1fd5b9f0 0x55a 0x1fd5baa0 0x342 0x8f0007 0x3a4 0x38 0x4f8 0x960003 0x4f8 0x30 0x9c0003 0x3a4 0xfffffffffffffe78 oops 12 6 com/sun/javafx/css/StyleMap 16 com/sun/javafx/css/StyleMap 26 java/util/HashMap 36 java/util/HashMap 42 java/util/ArrayList$SubList 52 java/util/ArrayList$SubList 69 java/util/ArrayList$SubList 79 java/util/ArrayList$SubList 85 com/sun/javafx/css/CascadingStyle 98 com/sun/javafx/css/CascadingStyle